1/158 page running ...
	1/1574 items:
		[√] id 1631112859985510400 finish
	2/1574 items:
		[√] id 1631112859897430016 finish
	3/1574 items:
		[√] id 1629824814967554048 finish
	4/1574 items:
		[√] id 1613439889204969472 finish
	5/1574 items:
		[√] id 1613439536044572672 finish
	6/1574 items:
		[√] id 1613439183576236032 finish
	7/1574 items:
		[√] id 1613434566444449792 finish
	8/1574 items:
		[√] id 1613433907498319872 finish
	9/1574 items:
		[√] id 1613431494808829952 finish
	10/1574 items:
		[√] id 1605028222989369345 finish
2/158 page running ...
	11/1574 items:
		[√] id 1605028222989369344 finish
	12/1574 items:
		[√] id 1605028222985175041 finish
	13/1574 items:
		[√] id 1605028222985175040 finish
	14/1574 items:
		[√] id 1604731457065058306 finish
	15/1574 items:
		[√] id 1604731457065058305 finish
	16/1574 items:
		[√] id 1604731457065058304 finish
	17/1574 items:
		[√] id 1604731457060864000 finish
	18/1574 items:
		[√] id 1603244028852305920 finish
	19/1574 items:
		[√] id 1602499965781934080 finish
	20/1574 items:
		[√] id 1599949951281004544 finish
3/158 page running ...
	21/1574 items:
		[√] id 1594673737184182272 finish
	22/1574 items:
		[√] id 1588392444226043904 finish
	23/1574 items:
		[√] id 1585550146098298880 finish
	24/1574 items:
		[√] id 1582578771930775553 finish
	25/1574 items:
		[√] id 1582578771930775552 finish
	26/1574 items:
		[√] id 1579049754338394112 finish
	27/1574 items:
		[√] id 1578672658197905408 finish
	28/1574 items:
		[√] id 1574966005367701504 finish
	29/1574 items:
		[√] id 1574966005363507200 finish
	30/1574 items:
		[√] id 1574931491241197569 finish
4/158 page running ...
	31/1574 items:
		[√] id 1574931491241197568 finish
	32/1574 items:
		[√] id 1574928422227017728 finish
	33/1574 items:
		[√] id 1574927900380102656 finish
	34/1574 items:
		[√] id 1573262184346157058 finish
	35/1574 items:
		[√] id 1573262184346157057 finish
	36/1574 items:
		[√] id 1573262184346157056 finish
	37/1574 items:
		[√] id 1572850247011532801 finish
	38/1574 items:
		[√] id 1572850247011532800 finish
	39/1574 items:
		[√] id 1572850247007338496 finish
	40/1574 items:
		[√] id 1570688591800172545 finish
5/158 page running ...
	41/1574 items:
		[√] id 1570688591800172544 finish
	42/1574 items:
		[√] id 1569585390216675328 finish
	43/1574 items:
		[√] id 1569585390212481024 finish
	44/1574 items:
		[√] id 1568156705815134209 finish
	45/1574 items:
		[√] id 1568156705815134208 finish
	46/1574 items:
		[√] id 1567747885691437056 finish
	47/1574 items:
		[√] id 1567747885687242752 finish
	48/1574 items:
		[√] id 1566973716963917825 finish
	49/1574 items:
		[√] id 1566973716963917824 finish
	50/1574 items:
		[√] id 1566635553703723008 finish
6/158 page running ...
	51/1574 items:
		[√] id 1565544666676461569 finish
	52/1574 items:
		[√] id 1565544666676461568 finish
	53/1574 items:
		[√] id 1565240659105939457 finish
	54/1574 items:
		[√] id 1565240659105939456 finish
	55/1574 items:
		[√] id 1564534693704105985 finish
	56/1574 items:
		[√] id 1564534693704105984 finish
	57/1574 items:
		[√] id 1564134750673829888 finish
	58/1574 items:
		[√] id 1564134750669635584 finish
	59/1574 items:
		[√] id 1562373753655132161 finish
	60/1574 items:
		[√] id 1562373753655132160 finish
7/158 page running ...
	61/1574 items:
		[√] id 1561971141940215809 finish
	62/1574 items:
		[√] id 1561971141940215808 finish
	63/1574 items:
		[√] id 1561676702764105729 finish
	64/1574 items:
		[√] id 1561676702764105728 finish
	65/1574 items:
		[√] id 1559731106436218880 finish
	66/1574 items:
		[√] id 1559731106432024576 finish
	67/1574 items:
		[√] id 1559484302188740609 finish
	68/1574 items:
		[√] id 1559484302188740608 finish
	69/1574 items:
		[√] id 1558010601740042240 finish
	70/1574 items:
		[√] id 1558010601735847936 finish
8/158 page running ...
	71/1574 items:
		[√] id 1557673013896413185 finish
	72/1574 items:
		[√] id 1557673013896413184 finish
	73/1574 items:
		[√] id 1556934209443069952 finish
	74/1574 items:
		[√] id 1556545875319324672 finish
	75/1574 items:
		[√] id 1556465022673223680 finish
	76/1574 items:
		[√] id 1556465022669029376 finish
	77/1574 items:
		[√] id 1555102215444758529 finish
	78/1574 items:
		[√] id 1555102215444758528 finish
	79/1574 items:
		[√] id 1555095262987419648 finish
	80/1574 items:
		[√] id 1555095262983225344 finish
9/158 page running ...
	81/1574 items:
		[√] id 1554023803397472256 finish
	82/1574 items:
		[√] id 1554023803393277952 finish
	83/1574 items:
		[√] id 1552975408281026560 finish
	84/1574 items:
		[√] id 1552975408276832256 finish
	85/1574 items:
		[√] id 1551808344774279168 finish
	86/1574 items:
		[√] id 1551808344770084864 finish
	87/1574 items:
		[√] id 1551793389706543105 finish
	88/1574 items:
		[√] id 1551793389706543104 finish
	89/1574 items:
		[√] id 1551507309048496128 finish
	90/1574 items:
		[√] id 1549270148198825984 finish
10/158 page running ...
	91/1574 items:
		[×] id 1551740730014302209 error
	91/1574 items:
		[×] id 1551740730014302208 error
	91/1574 items:
		[×] id 1551739682566569985 error
	91/1574 items:
		[×] id 1551739682566569984 error
	91/1574 items:
		[×] id 1551739421710221313 error
	91/1574 items:
		[×] id 1551739421710221312 error
	91/1574 items:
		[√] id 1549270148198825985 finish
	92/1574 items:
		[√] id 1549669899390025728 finish
	93/1574 items:
		[√] id 1549231524551983104 finish
	94/1574 items:
		[√] id 1549231524551983105 finish
11/158 page running ...
	95/1574 items:
		[√] id 1542733237841952768 finish
	96/1574 items:
		[√] id 1542733237841952769 finish
	97/1574 items:
		[√] id 1547872363733975041 finish
	98/1574 items:
		[√] id 1547872363733975040 finish
	99/1574 items:
		[√] id 1547141682221416448 finish
	100/1574 items:
		[√] id 1547141682217222144 finish
	101/1574 items:
		[√] id 1546677462266675200 finish
	102/1574 items:
		[√] id 1546677462262480896 finish
	103/1574 items:
		[√] id 1546677229352779776 finish
	104/1574 items:
		[√] id 1546677229344391168 finish
12/158 page running ...
	105/1574 items:
		[√] id 1542028331946475521 finish
	106/1574 items:
		[√] id 1542028331946475520 finish
	107/1574 items:
		[√] id 1541254101239726081 finish
	108/1574 items:
		[√] id 1541254101239726080 finish
	109/1574 items:
		[√] id 1540226891166908418 finish
	110/1574 items:
		[√] id 1540226891166908417 finish
	111/1574 items:
		[√] id 1540226891166908416 finish
	112/1574 items:
		[√] id 1539817715076825090 finish
	113/1574 items:
		[√] id 1539817715076825089 finish
	114/1574 items:
		[√] id 1539817715076825088 finish
13/158 page running ...
	115/1574 items:
		[√] id 1539456406367895555 finish
	116/1574 items:
		[√] id 1539456406367895554 finish
	117/1574 items:
		[√] id 1539456406367895553 finish
	118/1574 items:
		[√] id 1539456406367895552 finish
	119/1574 items:
		[√] id 1539449854449811457 finish
	120/1574 items:
		[√] id 1539449854449811456 finish
	121/1574 items:
		[√] id 1537622545719754753 finish
	122/1574 items:
		[√] id 1537622545719754752 finish
	123/1574 items:
		[√] id 1537270370250391553 finish
	124/1574 items:
		[√] id 1537270370250391552 finish
14/158 page running ...
	125/1574 items:
		[√] id 1536981426581405696 finish
	126/1574 items:
		[√] id 1536666675389267968 finish
	127/1574 items:
		[√] id 1535084662261678081 finish
	128/1574 items:
		[√] id 1535084662261678080 finish
	129/1574 items:
		[√] id 1534726011038597121 finish
	130/1574 items:
		[√] id 1534726011038597120 finish
	131/1574 items:
		[√] id 1534374988734398465 finish
	132/1574 items:
		[√] id 1534374988734398464 finish
	133/1574 items:
		[√] id 1534029960224833537 finish
	134/1574 items:
		[√] id 1534029960224833536 finish
15/158 page running ...
	135/1574 items:
		[√] id 1533666567169114112 finish
	136/1574 items:
		[√] id 1533655639111368706 finish
	137/1574 items:
		[√] id 1533655639111368705 finish
	138/1574 items:
		[√] id 1533655639111368704 finish
	139/1574 items:
		[√] id 1531570545265606658 finish
	140/1574 items:
		[√] id 1531570545265606657 finish
	141/1574 items:
		[√] id 1531570545265606656 finish
	142/1574 items:
		[√] id 1531566491487567874 finish
	143/1574 items:
		[√] id 1531566491487567873 finish
	144/1574 items:
		[√] id 1531566491487567872 finish
16/158 page running ...
	145/1574 items:
		[√] id 1531538660653137921 finish
	146/1574 items:
		[√] id 1531538660653137920 finish
	147/1574 items:
		[√] id 1531538660648943616 finish
	148/1574 items:
		[√] id 1531529924005986305 finish
	149/1574 items:
		[√] id 1531529924005986304 finish
	150/1574 items:
		[√] id 1531529924001792000 finish
	151/1574 items:
		[√] id 1531164623888318466 finish
	152/1574 items:
		[√] id 1531164623888318465 finish
	153/1574 items:
		[√] id 1531164623888318464 finish
	154/1574 items:
		[√] id 1531123636138803201 finish
17/158 page running ...
	155/1574 items:
		[√] id 1531123636138803200 finish
	156/1574 items:
		[√] id 1531123636134608896 finish
	157/1574 items:
		[√] id 1528930787796320258 finish
	158/1574 items:
		[√] id 1528930787796320257 finish
	159/1574 items:
		[√] id 1528930787796320256 finish
	160/1574 items:
		[√] id 1528570603106336769 finish
	161/1574 items:
		[√] id 1528570603106336768 finish
	162/1574 items:
		[√] id 1528570603102142464 finish
	163/1574 items:
		[√] id 1527491662845181952 finish
	164/1574 items:
		[√] id 1527491662840987649 finish
18/158 page running ...
	165/1574 items:
		[√] id 1527491662840987648 finish
	166/1574 items:
		[√] id 1526834259040534529 finish
	167/1574 items:
		[√] id 1526834259040534528 finish
	168/1574 items:
		[√] id 1526834259036340224 finish
	169/1574 items:
		[√] id 1526753815716560898 finish
	170/1574 items:
		[√] id 1526753815716560897 finish
	171/1574 items:
		[√] id 1526753815716560896 finish
	172/1574 items:
		[√] id 1526385187066347520 finish
	173/1574 items:
		[√] id 1526028377780256771 finish
	174/1574 items:
		[√] id 1526028377780256770 finish
19/158 page running ...
	175/1574 items:
		[√] id 1526028377780256769 finish
	176/1574 items:
		[√] id 1526028377780256768 finish
	177/1574 items:
		[√] id 1525006403364847617 finish
	178/1574 items:
		[√] id 1525006403364847616 finish
	179/1574 items:
		[√] id 1524992426459136003 finish
	180/1574 items:
		[√] id 1524992426459136002 finish
	181/1574 items:
		[√] id 1524992426459136001 finish
	182/1574 items:
		[√] id 1524992426459136000 finish
	183/1574 items:
		[√] id 1524956737138982913 finish
	184/1574 items:
		[√] id 1524956737138982912 finish
20/158 page running ...
	185/1574 items:
		[√] id 1524956737134788608 finish
	186/1574 items:
		[√] id 1524956737130594304 finish
	187/1574 items:
		[√] id 1524956737126400000 finish
	188/1574 items:
		[√] id 1523853950653169666 finish
	189/1574 items:
		[√] id 1523853950653169665 finish
	190/1574 items:
		[√] id 1523853950653169664 finish
	191/1574 items:
		[√] id 1523853950648975361 finish
	192/1574 items:
		[√] id 1523853950648975360 finish
	193/1574 items:
		[√] id 1523505369165463552 finish
	194/1574 items:
		[√] id 1523505369161269249 finish
21/158 page running ...
	195/1574 items:
		[√] id 1523505369161269248 finish
	196/1574 items:
		[√] id 1522855604979367936 finish
	197/1574 items:
		[√] id 1522855604975173635 finish
	198/1574 items:
		[√] id 1522855604975173634 finish
	199/1574 items:
		[√] id 1522855604975173633 finish
	200/1574 items:
		[√] id 1522855604975173632 finish
	201/1574 items:
		[√] id 1522786179546742787 finish
	202/1574 items:
		[√] id 1522786179546742786 finish
	203/1574 items:
		[√] id 1522786179546742785 finish
	204/1574 items:
		[√] id 1522786179546742784 finish
22/158 page running ...
	205/1574 items:
		[√] id 1522786179542548480 finish
	206/1574 items:
		[√] id 1522088865739964418 finish
	207/1574 items:
		[√] id 1522088865739964417 finish
	208/1574 items:
		[√] id 1522088865739964416 finish
	209/1574 items:
		[√] id 1522088865735770113 finish
	210/1574 items:
		[√] id 1522088865735770112 finish
	211/1574 items:
		[√] id 1519615982979645440 finish
	212/1574 items:
		[√] id 1519614182868254720 finish
	213/1574 items:
		[√] id 1518775114169188352 finish
	214/1574 items:
		[√] id 1517417343414829056 finish
23/158 page running ...
	215/1574 items:
		[√] id 1518408448579076096 finish
	216/1574 items:
		[√] id 1516228514095955968 finish
	217/1574 items:
		[√] id 1515899759372664832 finish
	218/1574 items:
		[√] id 1515899759376859136 finish
	219/1574 items:
		[√] id 1514791781395464192 finish
	220/1574 items:
		[√] id 1514415923166052352 finish
	221/1574 items:
		[√] id 1514415923170246656 finish
	222/1574 items:
		[√] id 1514089434499383296 finish
	223/1574 items:
		[√] id 1509070539107467264 finish
	224/1574 items:
		[√] id 1509070225499357184 finish
24/158 page running ...
	225/1574 items:
		[√] id 1507240831520735232 finish
	226/1574 items:
		[√] id 1507240146381176832 finish
	227/1574 items:
		[√] id 1507238962652119040 finish
	228/1574 items:
		[√] id 1507239628787286016 finish
	229/1574 items:
		[√] id 1507194034043617280 finish
	230/1574 items:
		[√] id 1507178952974794752 finish
	231/1574 items:
		[√] id 1506179537359208453 finish
	232/1574 items:
		[√] id 1506179537359208462 finish
	233/1574 items:
		[√] id 1506179537363402752 finish
	234/1574 items:
		[√] id 1506179537363402756 finish
25/158 page running ...
	235/1574 items:
		[√] id 1506179537363402757 finish
	236/1574 items:
		[√] id 1506179537363402758 finish
	237/1574 items:
		[√] id 1506179537363402759 finish
	238/1574 items:
		[√] id 1506179537363402760 finish
	239/1574 items:
		[√] id 1506179537363402762 finish
	240/1574 items:
		[√] id 1506179537363402763 finish
	241/1574 items:
		[√] id 1506179537363402765 finish
	242/1574 items:
		[√] id 1506179537363402764 finish
	243/1574 items:
		[√] id 1506179537359208460 finish
	244/1574 items:
		[√] id 1506179537359208463 finish
26/158 page running ...
	245/1574 items:
		[√] id 1506179537359208451 finish
	246/1574 items:
		[√] id 1506179537359208457 finish
	247/1574 items:
		[√] id 1506179537359208459 finish
	248/1574 items:
		[√] id 1506179537359208458 finish
	249/1574 items:
		[√] id 1506179537359208456 finish
	250/1574 items:
		[√] id 1506179537359208454 finish
	251/1574 items:
		[√] id 1506179537359208448 finish
	252/1574 items:
		[√] id 1506179537359208449 finish
	253/1574 items:
		[√] id 1506179537359208450 finish
	254/1574 items:
		[√] id 1506179537359208452 finish
27/158 page running ...
	255/1574 items:
		[√] id 1506179537359208455 finish
	256/1574 items:
		[√] id 1506179537359208461 finish
	257/1574 items:
		[√] id 1506179537359208464 finish
	258/1574 items:
		[√] id 1506179537359208465 finish
	259/1574 items:
		[√] id 1506179537363402753 finish
	260/1574 items:
		[√] id 1506179537363402754 finish
	261/1574 items:
		[√] id 1506179537363402755 finish
	262/1574 items:
		[√] id 1506179537363402761 finish
	263/1574 items:
		[√] id 1506097472638943239 finish
	264/1574 items:
		[√] id 1506097472634748928 finish
28/158 page running ...
	265/1574 items:
		[√] id 1506097472634748929 finish
	266/1574 items:
		[√] id 1506097472634748930 finish
	267/1574 items:
		[√] id 1506097472638943232 finish
	268/1574 items:
		[√] id 1506097472638943233 finish
	269/1574 items:
		[√] id 1506097472638943234 finish
	270/1574 items:
		[√] id 1506097472638943235 finish
	271/1574 items:
		[√] id 1506097472638943236 finish
	272/1574 items:
		[√] id 1506097472638943237 finish
	273/1574 items:
		[√] id 1506097472638943238 finish
	274/1574 items:
		[√] id 1506097472638943240 finish
29/158 page running ...
	275/1574 items:
		[√] id 1506097472638943241 finish
	276/1574 items:
		[√] id 1506097472638943242 finish
	277/1574 items:
		[√] id 1506097472638943243 finish
	278/1574 items:
		[√] id 1506097472638943244 finish
	279/1574 items:
		[√] id 1505831643351482368 finish
	280/1574 items:
		[√] id 1505831200835633152 finish
	281/1574 items:
		[√] id 1505830800124411904 finish
	282/1574 items:
		[√] id 1505830153962520576 finish
	283/1574 items:
		[√] id 1505829676784943104 finish
	284/1574 items:
		[√] id 1505817661383245824 finish
30/158 page running ...
	285/1574 items:
		[√] id 1505812435586646016 finish
	286/1574 items:
		[√] id 1505811813466505216 finish
	287/1574 items:
		[√] id 1504651614491901952 finish
	288/1574 items:
		[√] id 1500751463561953280 finish
	289/1574 items:
		[√] id 1500742356255768576 finish
	290/1574 items:
		[√] id 1500736903807369216 finish
	291/1574 items:
		[√] id 1500736261344854016 finish
	292/1574 items:
		[√] id 1499295788684148736 finish
	293/1574 items:
		[√] id 1495587472564944896 finish
	294/1574 items:
		[√] id 1498128515160211456 finish
31/158 page running ...
	295/1574 items:
		[√] id 1498128430821146624 finish
	296/1574 items:
		[√] id 1498119536778543104 finish
	297/1574 items:
		[√] id 1498118648131354624 finish
	298/1574 items:
		[√] id 1498118865987698688 finish
	299/1574 items:
		[√] id 1495678355498991616 finish
	300/1574 items:
		[√] id 1495652137043099648 finish
	301/1574 items:
		[√] id 1494565714886000640 finish
	302/1574 items:
		[√] id 1494561403477032960 finish
	303/1574 items:
		[√] id 1494560895295160320 finish
	304/1574 items:
		[√] id 1493425099607506944 finish
32/158 page running ...
	305/1574 items:
		[√] id 1471751694089060352 finish
	306/1574 items:
		[√] id 1493114087687716864 finish
	307/1574 items:
		[√] id 1493104259552641024 finish
	308/1574 items:
		[√] id 1493066715620311040 finish
	309/1574 items:
		[√] id 1493064955967176704 finish
	310/1574 items:
		[√] id 1493062136493113344 finish
	311/1574 items:
		[√] id 1493061952556105728 finish
	312/1574 items:
		[√] id 1493061872331653120 finish
	313/1574 items:
		[√] id 1467758425965461504 finish
	314/1574 items:
		[√] id 1492018398631165952 finish
33/158 page running ...
	315/1574 items:
		[√] id 1492018500066213888 finish
	316/1574 items:
		[√] id 1491313565926293504 finish
	317/1574 items:
		[√] id 1491308320093503488 finish
	318/1574 items:
		[√] id 1491308211175817216 finish
	319/1574 items:
		[√] id 1491308054879272960 finish
	320/1574 items:
		[√] id 1491307730626019328 finish
	321/1574 items:
		[√] id 1491307648031784960 finish
	322/1574 items:
		[√] id 1491293872620437504 finish
	323/1574 items:
		[√] id 1491294465468530688 finish
	324/1574 items:
		[√] id 1480819048261484544 finish
34/158 page running ...
	325/1574 items:
		[√] id 1486631973937086464 finish
	326/1574 items:
		[√] id 1486236527410413568 finish
	327/1574 items:
		[√] id 1486235717301567488 finish
	328/1574 items:
		[√] id 1486235368696184832 finish
	329/1574 items:
		[√] id 1486234958845575168 finish
	330/1574 items:
		[√] id 1486234664229273600 finish
	331/1574 items:
		[√] id 1486234200884510720 finish
	332/1574 items:
		[√] id 1486233809081991168 finish
	333/1574 items:
		[√] id 1486233373226696704 finish
	334/1574 items:
		[√] id 1486232892102279168 finish
35/158 page running ...
	335/1574 items:
		[√] id 1486232539046739968 finish
	336/1574 items:
		[√] id 1486232195864592384 finish
	337/1574 items:
		[√] id 1486231848324562944 finish
	338/1574 items:
		[√] id 1486231371935514624 finish
	339/1574 items:
		[√] id 1483722281619423232 finish
	340/1574 items:
		[√] id 1475288100623220736 finish
	341/1574 items:
		[√] id 1482196338836897812 finish
	342/1574 items:
		[√] id 1482196338836897811 finish
	343/1574 items:
		[√] id 1482196338836897810 finish
	344/1574 items:
		[√] id 1482196338836897809 finish
36/158 page running ...
	345/1574 items:
		[√] id 1482196338836897808 finish
	346/1574 items:
		[√] id 1482196338836897807 finish
	347/1574 items:
		[√] id 1482196338836897806 finish
	348/1574 items:
		[√] id 1482196338836897805 finish
	349/1574 items:
		[√] id 1482196338836897804 finish
	350/1574 items:
		[√] id 1482196338836897803 finish
	351/1574 items:
		[√] id 1482196338836897802 finish
	352/1574 items:
		[√] id 1482196338836897801 finish
	353/1574 items:
		[√] id 1482196338836897800 finish
	354/1574 items:
		[√] id 1482196338836897799 finish
37/158 page running ...
	355/1574 items:
		[√] id 1482196338836897798 finish
	356/1574 items:
		[√] id 1482196338836897797 finish
	357/1574 items:
		[√] id 1482196338836897796 finish
	358/1574 items:
		[√] id 1482196338836897795 finish
	359/1574 items:
		[√] id 1482196338836897794 finish
	360/1574 items:
		[√] id 1482196338836897793 finish
	361/1574 items:
		[√] id 1482196338836897792 finish
	362/1574 items:
		[√] id 1482196338832703503 finish
	363/1574 items:
		[√] id 1482196338832703502 finish
	364/1574 items:
		[√] id 1482196338832703501 finish
38/158 page running ...
	365/1574 items:
		[√] id 1482196338832703500 finish
	366/1574 items:
		[√] id 1482196338832703499 finish
	367/1574 items:
		[√] id 1482196338832703498 finish
	368/1574 items:
		[√] id 1482196338832703497 finish
	369/1574 items:
		[√] id 1482196338832703496 finish
	370/1574 items:
		[√] id 1482196338832703495 finish
	371/1574 items:
		[√] id 1482196338832703494 finish
	372/1574 items:
		[√] id 1482196338832703493 finish
	373/1574 items:
		[√] id 1482196338832703492 finish
	374/1574 items:
		[√] id 1482196338832703491 finish
39/158 page running ...
	375/1574 items:
		[√] id 1482196338832703490 finish
	376/1574 items:
		[√] id 1482196338832703489 finish
	377/1574 items:
		[√] id 1482196338832703488 finish
	378/1574 items:
		[√] id 1482196280712232995 finish
	379/1574 items:
		[√] id 1482196280712232994 finish
	380/1574 items:
		[√] id 1482196280712232993 finish
	381/1574 items:
		[√] id 1482196280712232992 finish
	382/1574 items:
		[√] id 1482196280712232991 finish
	383/1574 items:
		[√] id 1482196280712232990 finish
	384/1574 items:
		[√] id 1482196280712232989 finish
40/158 page running ...
	385/1574 items:
		[√] id 1482196280712232988 finish
	386/1574 items:
		[√] id 1482196280712232987 finish
	387/1574 items:
		[√] id 1482196280712232986 finish
	388/1574 items:
		[√] id 1482196280712232985 finish
	389/1574 items:
		[√] id 1482196280712232984 finish
	390/1574 items:
		[√] id 1482196280712232983 finish
	391/1574 items:
		[√] id 1482196280712232982 finish
	392/1574 items:
		[√] id 1482196280712232981 finish
	393/1574 items:
		[√] id 1482196280712232980 finish
	394/1574 items:
		[√] id 1482196280712232979 finish
41/158 page running ...
	395/1574 items:
		[√] id 1482196280712232978 finish
	396/1574 items:
		[√] id 1482196280712232977 finish
	397/1574 items:
		[√] id 1482196280712232976 finish
	398/1574 items:
		[√] id 1482196280712232975 finish
	399/1574 items:
		[√] id 1482196280712232974 finish
	400/1574 items:
		[√] id 1482196280712232973 finish
	401/1574 items:
		[√] id 1482196280712232972 finish
	402/1574 items:
		[√] id 1482196280712232971 finish
	403/1574 items:
		[√] id 1482196280712232970 finish
	404/1574 items:
		[√] id 1482196280712232969 finish
42/158 page running ...
	405/1574 items:
		[√] id 1482196280712232968 finish
	406/1574 items:
		[√] id 1482196280712232967 finish
	407/1574 items:
		[√] id 1482196280712232966 finish
	408/1574 items:
		[√] id 1482196280712232965 finish
	409/1574 items:
		[√] id 1482196280712232964 finish
	410/1574 items:
		[√] id 1482196280712232963 finish
	411/1574 items:
		[√] id 1482196280712232962 finish
	412/1574 items:
		[√] id 1482196280712232961 finish
	413/1574 items:
		[√] id 1482196280712232960 finish
	414/1574 items:
		[√] id 1482196280708038656 finish
43/158 page running ...
	415/1574 items:
		[√] id 1482196148415496217 finish
	416/1574 items:
		[√] id 1482196148415496216 finish
	417/1574 items:
		[√] id 1482196148415496215 finish
	418/1574 items:
		[√] id 1482196148415496214 finish
	419/1574 items:
		[√] id 1482196148415496213 finish
	420/1574 items:
		[√] id 1482196148415496212 finish
	421/1574 items:
		[√] id 1482196148415496211 finish
	422/1574 items:
		[√] id 1482196148415496210 finish
	423/1574 items:
		[√] id 1482196148415496209 finish
	424/1574 items:
		[√] id 1482196148415496208 finish
44/158 page running ...
	425/1574 items:
		[√] id 1482196148415496207 finish
	426/1574 items:
		[√] id 1482196148415496206 finish
	427/1574 items:
		[√] id 1482196148415496205 finish
	428/1574 items:
		[√] id 1482196148415496204 finish
	429/1574 items:
		[√] id 1482196148415496203 finish
	430/1574 items:
		[√] id 1482196148415496202 finish
	431/1574 items:
		[√] id 1482196148415496201 finish
	432/1574 items:
		[√] id 1482196148415496200 finish
	433/1574 items:
		[√] id 1482196148415496199 finish
	434/1574 items:
		[√] id 1482196148415496198 finish
45/158 page running ...
	435/1574 items:
		[√] id 1482196148415496197 finish
	436/1574 items:
		[√] id 1482196148415496196 finish
	437/1574 items:
		[√] id 1482196148415496195 finish
	438/1574 items:
		[√] id 1482196148415496194 finish
	439/1574 items:
		[√] id 1482196148415496193 finish
	440/1574 items:
		[√] id 1482196148415496192 finish
	441/1574 items:
		[√] id 1482196148411301900 finish
	442/1574 items:
		[√] id 1482196148411301899 finish
	443/1574 items:
		[√] id 1482196148411301898 finish
	444/1574 items:
		[√] id 1482196148411301897 finish
46/158 page running ...
	445/1574 items:
		[√] id 1482196148411301896 finish
	446/1574 items:
		[√] id 1482196148411301895 finish
	447/1574 items:
		[√] id 1482196148411301894 finish
	448/1574 items:
		[√] id 1482196148411301893 finish
	449/1574 items:
		[√] id 1482196148411301892 finish
	450/1574 items:
		[√] id 1482196148411301891 finish
	451/1574 items:
		[√] id 1482196148411301890 finish
	452/1574 items:
		[√] id 1482196148411301889 finish
	453/1574 items:
		[√] id 1482196148411301888 finish
	454/1574 items:
		[√] id 1482196087983964193 finish
47/158 page running ...
	455/1574 items:
		[√] id 1482196087983964192 finish
	456/1574 items:
		[√] id 1482196087983964191 finish
	457/1574 items:
		[√] id 1482196087983964190 finish
	458/1574 items:
		[√] id 1482196087983964189 finish
	459/1574 items:
		[√] id 1482196087983964188 finish
	460/1574 items:
		[√] id 1482196087983964187 finish
	461/1574 items:
		[√] id 1482196087983964186 finish
	462/1574 items:
		[√] id 1482196087983964185 finish
	463/1574 items:
		[√] id 1482196087983964184 finish
	464/1574 items:
		[√] id 1482196087983964183 finish
48/158 page running ...
	465/1574 items:
		[√] id 1482196087983964182 finish
	466/1574 items:
		[√] id 1482196087983964181 finish
	467/1574 items:
		[√] id 1482196087983964180 finish
	468/1574 items:
		[√] id 1482196087983964179 finish
	469/1574 items:
		[√] id 1482196087983964178 finish
	470/1574 items:
		[√] id 1482196087983964177 finish
	471/1574 items:
		[√] id 1482196087983964176 finish
	472/1574 items:
		[√] id 1482196087983964175 finish
	473/1574 items:
		[√] id 1482196087983964174 finish
	474/1574 items:
		[√] id 1482196087983964173 finish
49/158 page running ...
	475/1574 items:
		[√] id 1482196087983964172 finish
	476/1574 items:
		[√] id 1482196087983964171 finish
	477/1574 items:
		[√] id 1482196087983964170 finish
	478/1574 items:
		[√] id 1482196087983964169 finish
	479/1574 items:
		[√] id 1482196087983964168 finish
	480/1574 items:
		[√] id 1482196087983964167 finish
	481/1574 items:
		[√] id 1482196087983964166 finish
	482/1574 items:
		[√] id 1482196087983964165 finish
	483/1574 items:
		[√] id 1482196087983964164 finish
	484/1574 items:
		[√] id 1482196087983964163 finish
50/158 page running ...
	485/1574 items:
		[√] id 1482196087983964162 finish
	486/1574 items:
		[√] id 1482196087983964161 finish
	487/1574 items:
		[√] id 1482196087983964160 finish
	488/1574 items:
		[√] id 1482196087979769860 finish
	489/1574 items:
		[√] id 1482196087979769859 finish
	490/1574 items:
		[√] id 1482196087979769858 finish
	491/1574 items:
		[√] id 1482196087979769857 finish
	492/1574 items:
		[√] id 1482196087979769856 finish
	493/1574 items:
		[√] id 1482195868793831439 finish
	494/1574 items:
		[√] id 1482195868793831438 finish
51/158 page running ...
	495/1574 items:
		[√] id 1482195868793831437 finish
	496/1574 items:
		[√] id 1482195868793831436 finish
	497/1574 items:
		[√] id 1482195868793831435 finish
	498/1574 items:
		[√] id 1482195868793831434 finish
	499/1574 items:
		[√] id 1482195868793831433 finish
	500/1574 items:
		[√] id 1482195868793831432 finish
	501/1574 items:
		[√] id 1482195868793831431 finish
	502/1574 items:
		[√] id 1482195868793831430 finish
	503/1574 items:
		[√] id 1482195868793831429 finish
	504/1574 items:
		[√] id 1482195868793831428 finish
52/158 page running ...
	505/1574 items:
		[√] id 1482195868793831427 finish
	506/1574 items:
		[√] id 1482195868793831426 finish
	507/1574 items:
		[√] id 1482195868793831425 finish
	508/1574 items:
		[√] id 1482195868793831424 finish
	509/1574 items:
		[√] id 1482195868789637128 finish
	510/1574 items:
		[√] id 1482195868789637127 finish
	511/1574 items:
		[√] id 1482195868789637126 finish
	512/1574 items:
		[√] id 1482195868789637125 finish
	513/1574 items:
		[√] id 1482195868789637124 finish
	514/1574 items:
		[√] id 1482195868789637123 finish
53/158 page running ...
	515/1574 items:
		[√] id 1482195868789637122 finish
	516/1574 items:
		[√] id 1482195868789637121 finish
	517/1574 items:
		[√] id 1482195868789637120 finish
	518/1574 items:
		[√] id 1482195642796343314 finish
	519/1574 items:
		[√] id 1482195642796343313 finish
	520/1574 items:
		[√] id 1482195642796343312 finish
	521/1574 items:
		[√] id 1482195642796343311 finish
	522/1574 items:
		[√] id 1482195642796343310 finish
	523/1574 items:
		[√] id 1482195642796343309 finish
	524/1574 items:
		[√] id 1482195642796343308 finish
54/158 page running ...
	525/1574 items:
		[√] id 1482195642796343307 finish
	526/1574 items:
		[√] id 1482195642796343306 finish
	527/1574 items:
		[√] id 1482195642796343305 finish
	528/1574 items:
		[√] id 1482195642796343304 finish
	529/1574 items:
		[√] id 1482195642796343303 finish
	530/1574 items:
		[√] id 1482195642796343302 finish
	531/1574 items:
		[√] id 1482195642796343301 finish
	532/1574 items:
		[√] id 1482195642796343300 finish
	533/1574 items:
		[√] id 1482195642796343299 finish
	534/1574 items:
		[√] id 1482195642796343298 finish
55/158 page running ...
	535/1574 items:
		[√] id 1482195642796343297 finish
	536/1574 items:
		[√] id 1482195642796343296 finish
	537/1574 items:
		[√] id 1482195642792148997 finish
	538/1574 items:
		[√] id 1482195642792148996 finish
	539/1574 items:
		[√] id 1482195642792148995 finish
	540/1574 items:
		[√] id 1482195642792148994 finish
	541/1574 items:
		[√] id 1482195642792148993 finish
	542/1574 items:
		[√] id 1482195642792148992 finish
	543/1574 items:
		[√] id 1482195512219271174 finish
	544/1574 items:
		[√] id 1482195512219271173 finish
56/158 page running ...
	545/1574 items:
		[√] id 1482195512219271172 finish
	546/1574 items:
		[√] id 1482195512219271171 finish
	547/1574 items:
		[√] id 1482195512219271170 finish
	548/1574 items:
		[√] id 1482195512219271169 finish
	549/1574 items:
		[√] id 1482195512219271168 finish
	550/1574 items:
		[√] id 1482195512215076890 finish
	551/1574 items:
		[√] id 1482195512215076889 finish
	552/1574 items:
		[√] id 1482195512215076888 finish
	553/1574 items:
		[√] id 1482195512215076887 finish
	554/1574 items:
		[√] id 1482195512215076886 finish
57/158 page running ...
	555/1574 items:
		[√] id 1482195512215076885 finish
	556/1574 items:
		[√] id 1482195512215076884 finish
	557/1574 items:
		[√] id 1482195512215076883 finish
	558/1574 items:
		[√] id 1482195512215076882 finish
	559/1574 items:
		[√] id 1482195512215076881 finish
	560/1574 items:
		[√] id 1482195512215076880 finish
	561/1574 items:
		[√] id 1482195512215076879 finish
	562/1574 items:
		[√] id 1482195512215076878 finish
	563/1574 items:
		[√] id 1482195512215076877 finish
	564/1574 items:
		[√] id 1482195512215076876 finish
58/158 page running ...
	565/1574 items:
		[√] id 1482195512215076875 finish
	566/1574 items:
		[√] id 1482195512215076874 finish
	567/1574 items:
		[√] id 1482195512215076873 finish
	568/1574 items:
		[√] id 1482195512215076872 finish
	569/1574 items:
		[√] id 1482195512215076871 finish
	570/1574 items:
		[√] id 1482195512215076870 finish
	571/1574 items:
		[√] id 1482195512215076869 finish
	572/1574 items:
		[√] id 1482195512215076868 finish
	573/1574 items:
		[√] id 1482195512215076867 finish
	574/1574 items:
		[√] id 1482195512215076866 finish
59/158 page running ...
	575/1574 items:
		[√] id 1482195512215076865 finish
	576/1574 items:
		[√] id 1482195512215076864 finish
	577/1574 items:
		[√] id 1482195512210882572 finish
	578/1574 items:
		[√] id 1482195512210882571 finish
	579/1574 items:
		[√] id 1482195512210882570 finish
	580/1574 items:
		[√] id 1482195512210882569 finish
	581/1574 items:
		[√] id 1482195512210882568 finish
	582/1574 items:
		[√] id 1482195512210882567 finish
	583/1574 items:
		[√] id 1482195512210882566 finish
	584/1574 items:
		[√] id 1482195512210882565 finish
60/158 page running ...
	585/1574 items:
		[√] id 1482195512210882564 finish
	586/1574 items:
		[√] id 1482195512210882563 finish
	587/1574 items:
		[√] id 1482195512210882562 finish
	588/1574 items:
		[√] id 1482195512210882561 finish
	589/1574 items:
		[√] id 1482195512210882560 finish
	590/1574 items:
		[√] id 1482195359529828372 finish
	591/1574 items:
		[√] id 1482195359529828371 finish
	592/1574 items:
		[√] id 1482195359529828370 finish
	593/1574 items:
		[√] id 1482195359529828369 finish
	594/1574 items:
		[√] id 1482195359529828368 finish
61/158 page running ...
	595/1574 items:
		[√] id 1482195359529828367 finish
	596/1574 items:
		[√] id 1482195359529828366 finish
	597/1574 items:
		[√] id 1482195359529828365 finish
	598/1574 items:
		[√] id 1482195359529828364 finish
	599/1574 items:
		[√] id 1482195359529828363 finish
	600/1574 items:
		[√] id 1482195359529828362 finish
	601/1574 items:
		[√] id 1482195359529828361 finish
	602/1574 items:
		[√] id 1482195359529828360 finish
	603/1574 items:
		[√] id 1482195359529828359 finish
	604/1574 items:
		[√] id 1482195359529828358 finish
62/158 page running ...
	605/1574 items:
		[√] id 1482195359529828357 finish
	606/1574 items:
		[√] id 1482195359529828356 finish
	607/1574 items:
		[√] id 1482195359529828355 finish
	608/1574 items:
		[√] id 1482195359529828354 finish
	609/1574 items:
		[√] id 1482195359529828353 finish
	610/1574 items:
		[√] id 1482195359529828352 finish
	611/1574 items:
		[√] id 1482195359525634049 finish
	612/1574 items:
		[√] id 1482195359525634048 finish
	613/1574 items:
		[√] id 1482195175152418822 finish
	614/1574 items:
		[√] id 1482195175152418821 finish
63/158 page running ...
	615/1574 items:
		[√] id 1482195175152418820 finish
	616/1574 items:
		[√] id 1482195175152418819 finish
	617/1574 items:
		[√] id 1482195175152418818 finish
	618/1574 items:
		[√] id 1482195175152418817 finish
	619/1574 items:
		[√] id 1482195175152418816 finish
	620/1574 items:
		[√] id 1482195175148224554 finish
	621/1574 items:
		[√] id 1482195175148224553 finish
	622/1574 items:
		[√] id 1482195175148224552 finish
	623/1574 items:
		[√] id 1482195175148224551 finish
	624/1574 items:
		[√] id 1482195175148224550 finish
64/158 page running ...
	625/1574 items:
		[√] id 1482195175148224549 finish
	626/1574 items:
		[√] id 1482195175148224548 finish
	627/1574 items:
		[√] id 1482195175148224547 finish
	628/1574 items:
		[√] id 1482195175148224546 finish
	629/1574 items:
		[√] id 1482195175148224545 finish
	630/1574 items:
		[√] id 1482195175148224544 finish
	631/1574 items:
		[√] id 1482195175148224543 finish
	632/1574 items:
		[√] id 1482195175148224542 finish
	633/1574 items:
		[√] id 1482195175148224541 finish
	634/1574 items:
		[√] id 1482195175148224540 finish
65/158 page running ...
	635/1574 items:
		[√] id 1482195175148224539 finish
	636/1574 items:
		[√] id 1482195175148224538 finish
	637/1574 items:
		[√] id 1482195175148224537 finish
	638/1574 items:
		[√] id 1482195175148224536 finish
	639/1574 items:
		[√] id 1482195175148224535 finish
	640/1574 items:
		[√] id 1482195175148224534 finish
	641/1574 items:
		[√] id 1482195175148224533 finish
	642/1574 items:
		[√] id 1482195175148224532 finish
	643/1574 items:
		[√] id 1482195175148224531 finish
	644/1574 items:
		[√] id 1482195175148224530 finish
66/158 page running ...
	645/1574 items:
		[√] id 1482195175148224529 finish
	646/1574 items:
		[√] id 1482195175148224528 finish
	647/1574 items:
		[√] id 1482195175148224527 finish
	648/1574 items:
		[√] id 1482195175148224526 finish
	649/1574 items:
		[√] id 1482195175148224525 finish
	650/1574 items:
		[√] id 1482195175148224524 finish
	651/1574 items:
		[√] id 1482195175148224523 finish
	652/1574 items:
		[√] id 1482195175148224522 finish
	653/1574 items:
		[√] id 1482195175148224521 finish
	654/1574 items:
		[√] id 1482195175148224520 finish
67/158 page running ...
	655/1574 items:
		[√] id 1482195175148224519 finish
	656/1574 items:
		[√] id 1482195175148224518 finish
	657/1574 items:
		[√] id 1482195175148224517 finish
	658/1574 items:
		[√] id 1482195175148224516 finish
	659/1574 items:
		[√] id 1482195175148224515 finish
	660/1574 items:
		[√] id 1482195175148224514 finish
	661/1574 items:
		[√] id 1482195175148224513 finish
	662/1574 items:
		[√] id 1482195175148224512 finish
	663/1574 items:
		[√] id 1482195175144030227 finish
	664/1574 items:
		[√] id 1482195175144030226 finish
68/158 page running ...
	665/1574 items:
		[√] id 1482195175144030225 finish
	666/1574 items:
		[√] id 1482195175144030224 finish
	667/1574 items:
		[√] id 1482195175144030223 finish
	668/1574 items:
		[√] id 1482195175144030222 finish
	669/1574 items:
		[√] id 1482195175144030221 finish
	670/1574 items:
		[√] id 1482195175144030220 finish
	671/1574 items:
		[√] id 1482195175144030219 finish
	672/1574 items:
		[√] id 1482195175144030218 finish
	673/1574 items:
		[√] id 1482195175144030217 finish
	674/1574 items:
		[√] id 1482195175144030216 finish
69/158 page running ...
	675/1574 items:
		[√] id 1482195175144030215 finish
	676/1574 items:
		[√] id 1482195175144030214 finish
	677/1574 items:
		[√] id 1482195175144030213 finish
	678/1574 items:
		[√] id 1482195175144030212 finish
	679/1574 items:
		[√] id 1482195175144030211 finish
	680/1574 items:
		[√] id 1482195175144030210 finish
	681/1574 items:
		[√] id 1482195175144030209 finish
	682/1574 items:
		[√] id 1482195175144030208 finish
	683/1574 items:
		[√] id 1482194903428628492 finish
	684/1574 items:
		[√] id 1482194903428628491 finish
70/158 page running ...
	685/1574 items:
		[√] id 1482194903428628490 finish
	686/1574 items:
		[√] id 1482194903428628489 finish
	687/1574 items:
		[√] id 1482194903428628488 finish
	688/1574 items:
		[√] id 1482194903428628487 finish
	689/1574 items:
		[√] id 1482194903428628486 finish
	690/1574 items:
		[√] id 1482194903428628485 finish
	691/1574 items:
		[√] id 1482194903428628484 finish
	692/1574 items:
		[√] id 1482194903428628483 finish
	693/1574 items:
		[√] id 1482194903428628482 finish
	694/1574 items:
		[√] id 1482194903428628481 finish
71/158 page running ...
	695/1574 items:
		[√] id 1482194903428628480 finish
	696/1574 items:
		[√] id 1482194903424434222 finish
	697/1574 items:
		[√] id 1482194903424434221 finish
	698/1574 items:
		[√] id 1482194903424434220 finish
	699/1574 items:
		[√] id 1482194903424434219 finish
	700/1574 items:
		[√] id 1482194903424434218 finish
	701/1574 items:
		[√] id 1482194903424434217 finish
	702/1574 items:
		[√] id 1482194903424434216 finish
	703/1574 items:
		[√] id 1482194903424434215 finish
	704/1574 items:
		[√] id 1482194903424434214 finish
72/158 page running ...
	705/1574 items:
		[√] id 1482194903424434213 finish
	706/1574 items:
		[√] id 1482194903424434212 finish
	707/1574 items:
		[√] id 1482194903424434211 finish
	708/1574 items:
		[√] id 1482194903424434210 finish
	709/1574 items:
		[√] id 1482194903424434209 finish
	710/1574 items:
		[√] id 1482194903424434208 finish
	711/1574 items:
		[√] id 1482194903424434207 finish
	712/1574 items:
		[√] id 1482194903424434206 finish
	713/1574 items:
		[√] id 1482194903424434205 finish
	714/1574 items:
		[√] id 1482194903424434204 finish
73/158 page running ...
	715/1574 items:
		[√] id 1482194903424434203 finish
	716/1574 items:
		[√] id 1482194903424434202 finish
	717/1574 items:
		[√] id 1482194903424434201 finish
	718/1574 items:
		[√] id 1482194903424434200 finish
	719/1574 items:
		[√] id 1482194903424434199 finish
	720/1574 items:
		[√] id 1482194903424434198 finish
	721/1574 items:
		[√] id 1482194903424434197 finish
	722/1574 items:
		[√] id 1482194903424434196 finish
	723/1574 items:
		[√] id 1482194903424434195 finish
	724/1574 items:
		[√] id 1482194903424434194 finish
74/158 page running ...
	725/1574 items:
		[√] id 1482194903424434193 finish
	726/1574 items:
		[√] id 1482194903424434192 finish
	727/1574 items:
		[√] id 1482194903424434191 finish
	728/1574 items:
		[√] id 1482194903424434190 finish
	729/1574 items:
		[√] id 1482194903424434189 finish
	730/1574 items:
		[√] id 1482194903424434188 finish
	731/1574 items:
		[√] id 1482194903424434187 finish
	732/1574 items:
		[√] id 1482194903424434186 finish
	733/1574 items:
		[√] id 1482194903424434185 finish
	734/1574 items:
		[√] id 1482194903424434184 finish
75/158 page running ...
	735/1574 items:
		[√] id 1482194903424434183 finish
	736/1574 items:
		[√] id 1482194903424434182 finish
	737/1574 items:
		[√] id 1482194903424434181 finish
	738/1574 items:
		[√] id 1482194903424434180 finish
	739/1574 items:
		[√] id 1482194903424434179 finish
	740/1574 items:
		[√] id 1482194903424434178 finish
	741/1574 items:
		[√] id 1482194903424434177 finish
	742/1574 items:
		[√] id 1482194903424434176 finish
	743/1574 items:
		[√] id 1482194903420239908 finish
	744/1574 items:
		[√] id 1482194903420239907 finish
76/158 page running ...
	745/1574 items:
		[√] id 1482194903420239906 finish
	746/1574 items:
		[√] id 1482194903420239905 finish
	747/1574 items:
		[√] id 1482194903420239904 finish
	748/1574 items:
		[√] id 1482194903420239903 finish
	749/1574 items:
		[√] id 1482194903420239902 finish
	750/1574 items:
		[√] id 1482194903420239901 finish
	751/1574 items:
		[√] id 1482194903420239900 finish
	752/1574 items:
		[√] id 1482194903420239899 finish
	753/1574 items:
		[√] id 1482194903420239898 finish
	754/1574 items:
		[√] id 1482194903420239897 finish
77/158 page running ...
	755/1574 items:
		[√] id 1482194903420239896 finish
	756/1574 items:
		[√] id 1482194903420239895 finish
	757/1574 items:
		[√] id 1482194903420239894 finish
	758/1574 items:
		[√] id 1482194903420239893 finish
	759/1574 items:
		[√] id 1482194903420239892 finish
	760/1574 items:
		[√] id 1482194903420239891 finish
	761/1574 items:
		[√] id 1482194903420239890 finish
	762/1574 items:
		[√] id 1482194903420239889 finish
	763/1574 items:
		[√] id 1482194903420239888 finish
	764/1574 items:
		[√] id 1482194903420239887 finish
78/158 page running ...
	765/1574 items:
		[√] id 1482194903420239886 finish
	766/1574 items:
		[√] id 1482194903420239885 finish
	767/1574 items:
		[√] id 1482194903420239884 finish
	768/1574 items:
		[√] id 1482194903420239883 finish
	769/1574 items:
		[√] id 1482194903420239882 finish
	770/1574 items:
		[√] id 1482194903420239881 finish
	771/1574 items:
		[√] id 1482194903420239880 finish
	772/1574 items:
		[√] id 1482194903420239879 finish
	773/1574 items:
		[√] id 1482194903420239878 finish
	774/1574 items:
		[√] id 1482194903420239877 finish
79/158 page running ...
	775/1574 items:
		[√] id 1482194903420239876 finish
	776/1574 items:
		[√] id 1482194903420239875 finish
	777/1574 items:
		[√] id 1482194903420239874 finish
	778/1574 items:
		[√] id 1482194903420239873 finish
	779/1574 items:
		[√] id 1482194903420239872 finish
	780/1574 items:
		[√] id 1482194903416045590 finish
	781/1574 items:
		[√] id 1482194903416045589 finish
	782/1574 items:
		[√] id 1482194903416045588 finish
	783/1574 items:
		[√] id 1482194903416045587 finish
	784/1574 items:
		[√] id 1482194903416045586 finish
80/158 page running ...
	785/1574 items:
		[√] id 1482194903416045585 finish
	786/1574 items:
		[√] id 1482194903416045584 finish
	787/1574 items:
		[√] id 1482194903416045583 finish
	788/1574 items:
		[√] id 1482194903416045582 finish
	789/1574 items:
		[√] id 1482194903416045581 finish
	790/1574 items:
		[√] id 1482194903416045580 finish
	791/1574 items:
		[√] id 1482194903416045579 finish
	792/1574 items:
		[√] id 1482194903416045578 finish
	793/1574 items:
		[√] id 1482194903416045577 finish
	794/1574 items:
		[√] id 1482194903416045576 finish
81/158 page running ...
	795/1574 items:
		[√] id 1482194903416045575 finish
	796/1574 items:
		[√] id 1482194903416045574 finish
	797/1574 items:
		[√] id 1482194903416045573 finish
	798/1574 items:
		[√] id 1482194903416045572 finish
	799/1574 items:
		[√] id 1482194903416045571 finish
	800/1574 items:
		[√] id 1482194903416045570 finish
	801/1574 items:
		[√] id 1482194903416045569 finish
	802/1574 items:
		[√] id 1482194903416045568 finish
	803/1574 items:
		[√] id 1482194457230180353 finish
	804/1574 items:
		[√] id 1482194457230180352 finish
82/158 page running ...
	805/1574 items:
		[√] id 1482194457225986077 finish
	806/1574 items:
		[√] id 1482194457225986076 finish
	807/1574 items:
		[√] id 1482194457225986075 finish
	808/1574 items:
		[√] id 1482194457225986074 finish
	809/1574 items:
		[√] id 1482194457225986073 finish
	810/1574 items:
		[√] id 1482194457225986072 finish
	811/1574 items:
		[√] id 1482194457225986071 finish
	812/1574 items:
		[√] id 1482194457225986070 finish
	813/1574 items:
		[√] id 1482194457225986069 finish
	814/1574 items:
		[√] id 1482194457225986068 finish
83/158 page running ...
	815/1574 items:
		[√] id 1482194457225986067 finish
	816/1574 items:
		[√] id 1482194457225986066 finish
	817/1574 items:
		[√] id 1482194457225986065 finish
	818/1574 items:
		[√] id 1482194457225986064 finish
	819/1574 items:
		[√] id 1482194457225986063 finish
	820/1574 items:
		[√] id 1482194457225986062 finish
	821/1574 items:
		[√] id 1482194457225986061 finish
	822/1574 items:
		[√] id 1482194457225986060 finish
	823/1574 items:
		[√] id 1482194457225986059 finish
	824/1574 items:
		[√] id 1482194457225986058 finish
84/158 page running ...
	825/1574 items:
		[√] id 1482194457225986057 finish
	826/1574 items:
		[√] id 1482194457225986056 finish
	827/1574 items:
		[√] id 1482194457225986055 finish
	828/1574 items:
		[√] id 1482194457225986054 finish
	829/1574 items:
		[√] id 1482194457225986053 finish
	830/1574 items:
		[√] id 1482194457225986052 finish
	831/1574 items:
		[√] id 1482194457225986051 finish
	832/1574 items:
		[√] id 1482194457225986050 finish
	833/1574 items:
		[√] id 1482194457225986049 finish
	834/1574 items:
		[√] id 1482194457225986048 finish
85/158 page running ...
	835/1574 items:
		[√] id 1482194394982514694 finish
	836/1574 items:
		[√] id 1482194394982514693 finish
	837/1574 items:
		[√] id 1482194394982514692 finish
	838/1574 items:
		[√] id 1482194394982514691 finish
	839/1574 items:
		[√] id 1482194394982514690 finish
	840/1574 items:
		[√] id 1482194394982514689 finish
	841/1574 items:
		[√] id 1482194394982514688 finish
	842/1574 items:
		[√] id 1482194394978320397 finish
	843/1574 items:
		[√] id 1482194394978320396 finish
	844/1574 items:
		[√] id 1482194394978320395 finish
86/158 page running ...
	845/1574 items:
		[√] id 1482194394978320394 finish
	846/1574 items:
		[√] id 1482194394978320393 finish
	847/1574 items:
		[√] id 1482194394978320392 finish
	848/1574 items:
		[√] id 1482194394978320391 finish
	849/1574 items:
		[√] id 1482194394978320390 finish
	850/1574 items:
		[√] id 1482194394978320389 finish
	851/1574 items:
		[√] id 1482194394978320388 finish
	852/1574 items:
		[√] id 1482194394978320387 finish
	853/1574 items:
		[√] id 1482194394978320386 finish
	854/1574 items:
		[√] id 1482194394978320385 finish
87/158 page running ...
	855/1574 items:
		[√] id 1482194394978320384 finish
	856/1574 items:
		[√] id 1482194288887595023 finish
	857/1574 items:
		[√] id 1482194288887595022 finish
	858/1574 items:
		[√] id 1482194288887595021 finish
	859/1574 items:
		[√] id 1482194288887595020 finish
	860/1574 items:
		[√] id 1482194288887595019 finish
	861/1574 items:
		[√] id 1482194288887595018 finish
	862/1574 items:
		[√] id 1482194288887595017 finish
	863/1574 items:
		[√] id 1482194288887595016 finish
	864/1574 items:
		[√] id 1482194288887595015 finish
88/158 page running ...
	865/1574 items:
		[√] id 1482194288887595014 finish
	866/1574 items:
		[√] id 1482194288887595013 finish
	867/1574 items:
		[√] id 1482194288887595012 finish
	868/1574 items:
		[√] id 1482194288887595011 finish
	869/1574 items:
		[√] id 1482194288887595010 finish
	870/1574 items:
		[√] id 1482194288887595009 finish
	871/1574 items:
		[√] id 1482194288887595008 finish
	872/1574 items:
		[√] id 1482194288883400706 finish
	873/1574 items:
		[√] id 1482194288883400705 finish
	874/1574 items:
		[√] id 1482194288883400704 finish
89/158 page running ...
	875/1574 items:
		[√] id 1482194190791213067 finish
	876/1574 items:
		[√] id 1482194190791213066 finish
	877/1574 items:
		[√] id 1482194190791213065 finish
	878/1574 items:
		[√] id 1482194190791213064 finish
	879/1574 items:
		[√] id 1482194190791213063 finish
	880/1574 items:
		[√] id 1482194190791213062 finish
	881/1574 items:
		[√] id 1482194190791213061 finish
	882/1574 items:
		[√] id 1482194190791213060 finish
	883/1574 items:
		[√] id 1482194190791213059 finish
	884/1574 items:
		[√] id 1482194190791213058 finish
90/158 page running ...
	885/1574 items:
		[√] id 1482194190791213057 finish
	886/1574 items:
		[√] id 1482194190791213056 finish
	887/1574 items:
		[√] id 1482194190787018752 finish
	888/1574 items:
		[√] id 1482194051863281666 finish
	889/1574 items:
		[√] id 1482194051863281665 finish
	890/1574 items:
		[√] id 1482194051863281664 finish
	891/1574 items:
		[√] id 1482193882312736769 finish
	892/1574 items:
		[√] id 1482193882312736768 finish
	893/1574 items:
		[√] id 1482193772577161224 finish
	894/1574 items:
		[√] id 1482193772577161223 finish
91/158 page running ...
	895/1574 items:
		[√] id 1482193772577161222 finish
	896/1574 items:
		[√] id 1482193772577161221 finish
	897/1574 items:
		[√] id 1482193772577161220 finish
	898/1574 items:
		[√] id 1482193772577161219 finish
	899/1574 items:
		[√] id 1482193772577161218 finish
	900/1574 items:
		[√] id 1482193772577161217 finish
	901/1574 items:
		[√] id 1482193772577161216 finish
	902/1574 items:
		[√] id 1482193656365580295 finish
	903/1574 items:
		[√] id 1482193656365580294 finish
	904/1574 items:
		[√] id 1482193656365580293 finish
92/158 page running ...
	905/1574 items:
		[√] id 1482193656365580292 finish
	906/1574 items:
		[√] id 1482193656365580291 finish
	907/1574 items:
		[√] id 1482193656365580290 finish
	908/1574 items:
		[√] id 1482193656365580289 finish
	909/1574 items:
		[√] id 1482193656365580288 finish
	910/1574 items:
		[√] id 1482193597322362884 finish
	911/1574 items:
		[√] id 1482193597322362883 finish
	912/1574 items:
		[√] id 1482193597322362882 finish
	913/1574 items:
		[√] id 1482193597322362881 finish
	914/1574 items:
		[√] id 1482193597322362880 finish
93/158 page running ...
	915/1574 items:
		[√] id 1482193475133898759 finish
	916/1574 items:
		[√] id 1482193475133898758 finish
	917/1574 items:
		[√] id 1482193475133898757 finish
	918/1574 items:
		[√] id 1482193475133898756 finish
	919/1574 items:
		[√] id 1482193475133898755 finish
	920/1574 items:
		[√] id 1482193475133898754 finish
	921/1574 items:
		[√] id 1482193475133898753 finish
	922/1574 items:
		[√] id 1482193475133898752 finish
	923/1574 items:
		[√] id 1482193409270743043 finish
	924/1574 items:
		[√] id 1482193409270743042 finish
94/158 page running ...
	925/1574 items:
		[√] id 1482193409270743041 finish
	926/1574 items:
		[√] id 1482193409270743040 finish
	927/1574 items:
		[√] id 1482193409266548742 finish
	928/1574 items:
		[√] id 1482193409266548741 finish
	929/1574 items:
		[√] id 1482193409266548740 finish
	930/1574 items:
		[√] id 1482193409266548739 finish
	931/1574 items:
		[√] id 1482193409266548738 finish
	932/1574 items:
		[√] id 1482193409266548737 finish
	933/1574 items:
		[√] id 1482193409266548736 finish
	934/1574 items:
		[√] id 1482192989357998090 finish
95/158 page running ...
	935/1574 items:
		[√] id 1482192989357998089 finish
	936/1574 items:
		[√] id 1482192989357998088 finish
	937/1574 items:
		[√] id 1482192989357998087 finish
	938/1574 items:
		[√] id 1482192989357998086 finish
	939/1574 items:
		[√] id 1482192989357998085 finish
	940/1574 items:
		[√] id 1482192989357998084 finish
	941/1574 items:
		[√] id 1482192989357998083 finish
	942/1574 items:
		[√] id 1482192989357998082 finish
	943/1574 items:
		[√] id 1482192989357998081 finish
	944/1574 items:
		[√] id 1482192989357998080 finish
96/158 page running ...
	945/1574 items:
		[√] id 1482192989353803800 finish
	946/1574 items:
		[√] id 1482192989353803799 finish
	947/1574 items:
		[√] id 1482192989353803798 finish
	948/1574 items:
		[√] id 1482192989353803797 finish
	949/1574 items:
		[√] id 1482192989353803796 finish
	950/1574 items:
		[√] id 1482192989353803795 finish
	951/1574 items:
		[√] id 1482192989353803794 finish
	952/1574 items:
		[√] id 1482192989353803793 finish
	953/1574 items:
		[√] id 1482192989353803792 finish
	954/1574 items:
		[√] id 1482192989353803791 finish
97/158 page running ...
	955/1574 items:
		[√] id 1482192989353803790 finish
	956/1574 items:
		[√] id 1482192989353803789 finish
	957/1574 items:
		[√] id 1482192989353803788 finish
	958/1574 items:
		[√] id 1482192989353803787 finish
	959/1574 items:
		[√] id 1482192989353803786 finish
	960/1574 items:
		[√] id 1482192989353803785 finish
	961/1574 items:
		[√] id 1482192989353803784 finish
	962/1574 items:
		[√] id 1482192989353803783 finish
	963/1574 items:
		[√] id 1482192989353803782 finish
	964/1574 items:
		[√] id 1482192989353803781 finish
98/158 page running ...
	965/1574 items:
		[√] id 1482192989353803780 finish
	966/1574 items:
		[√] id 1482192989353803779 finish
	967/1574 items:
		[√] id 1482192989353803778 finish
	968/1574 items:
		[√] id 1482192989353803777 finish
	969/1574 items:
		[√] id 1482192989353803776 finish
	970/1574 items:
		[√] id 1482192989349609479 finish
	971/1574 items:
		[√] id 1482192989349609478 finish
	972/1574 items:
		[√] id 1482192989349609477 finish
	973/1574 items:
		[√] id 1482192989349609476 finish
	974/1574 items:
		[√] id 1482192989349609475 finish
99/158 page running ...
	975/1574 items:
		[√] id 1482192989349609474 finish
	976/1574 items:
		[√] id 1482192989349609473 finish
	977/1574 items:
		[√] id 1482192989349609472 finish
	978/1574 items:
		[√] id 1482192956965388313 finish
	979/1574 items:
		[√] id 1482192956965388312 finish
	980/1574 items:
		[√] id 1482192956965388311 finish
	981/1574 items:
		[√] id 1482192956965388310 finish
	982/1574 items:
		[√] id 1482192956965388309 finish
	983/1574 items:
		[√] id 1482192956965388308 finish
	984/1574 items:
		[√] id 1482192956965388307 finish
100/158 page running ...
	985/1574 items:
		[√] id 1482192956965388306 finish
	986/1574 items:
		[√] id 1482192956965388305 finish
	987/1574 items:
		[√] id 1482192956965388304 finish
	988/1574 items:
		[√] id 1482192956965388303 finish
	989/1574 items:
		[√] id 1482192956965388302 finish
	990/1574 items:
		[√] id 1482192956965388301 finish
	991/1574 items:
		[√] id 1482192956965388300 finish
	992/1574 items:
		[√] id 1482192956965388299 finish
	993/1574 items:
		[√] id 1482192956965388298 finish
	994/1574 items:
		[√] id 1482192956965388297 finish
101/158 page running ...
	995/1574 items:
		[√] id 1482192956965388296 finish
	996/1574 items:
		[√] id 1482192956965388295 finish
	997/1574 items:
		[√] id 1482192956965388294 finish
	998/1574 items:
		[√] id 1482192956965388293 finish
	999/1574 items:
		[√] id 1482192956965388292 finish
	1000/1574 items:
		[√] id 1482192956965388291 finish
	1001/1574 items:
		[√] id 1482192956965388290 finish
	1002/1574 items:
		[√] id 1482192956965388289 finish
	1003/1574 items:
		[√] id 1482192956965388288 finish
	1004/1574 items:
		[√] id 1482192956961194001 finish
102/158 page running ...
	1005/1574 items:
		[√] id 1482192956961194000 finish
	1006/1574 items:
		[√] id 1482192956961193999 finish
	1007/1574 items:
		[√] id 1482192956961193998 finish
	1008/1574 items:
		[√] id 1482192956961193997 finish
	1009/1574 items:
		[√] id 1482192956961193996 finish
	1010/1574 items:
		[√] id 1482192956961193995 finish
	1011/1574 items:
		[√] id 1482192956961193994 finish
	1012/1574 items:
		[√] id 1482192956961193993 finish
	1013/1574 items:
		[√] id 1482192956961193992 finish
	1014/1574 items:
		[√] id 1482192956961193991 finish
103/158 page running ...
	1015/1574 items:
		[√] id 1482192956961193990 finish
	1016/1574 items:
		[√] id 1482192956961193989 finish
	1017/1574 items:
		[√] id 1482192956961193988 finish
	1018/1574 items:
		[√] id 1482192956961193987 finish
	1019/1574 items:
		[√] id 1482192956961193986 finish
	1020/1574 items:
		[√] id 1482192956961193985 finish
	1021/1574 items:
		[√] id 1482192956961193984 finish
	1022/1574 items:
		[√] id 1482192783145041925 finish
	1023/1574 items:
		[√] id 1482192783145041924 finish
	1024/1574 items:
		[√] id 1482192783145041923 finish
104/158 page running ...
	1025/1574 items:
		[√] id 1482192783145041922 finish
	1026/1574 items:
		[√] id 1482192783145041921 finish
	1027/1574 items:
		[√] id 1482192783145041920 finish
	1028/1574 items:
		[√] id 1482192783140847627 finish
	1029/1574 items:
		[√] id 1482192783140847626 finish
	1030/1574 items:
		[√] id 1482192783140847625 finish
	1031/1574 items:
		[√] id 1482192783140847624 finish
	1032/1574 items:
		[√] id 1482192783140847623 finish
	1033/1574 items:
		[√] id 1482192783140847622 finish
	1034/1574 items:
		[√] id 1482192783140847621 finish
105/158 page running ...
	1035/1574 items:
		[√] id 1482192783140847620 finish
	1036/1574 items:
		[√] id 1482192783140847619 finish
	1037/1574 items:
		[√] id 1482192783140847618 finish
	1038/1574 items:
		[√] id 1482192783140847617 finish
	1039/1574 items:
		[√] id 1482192783140847616 finish
	1040/1574 items:
		[√] id 1482192491158568979 finish
	1041/1574 items:
		[√] id 1482192491158568978 finish
	1042/1574 items:
		[√] id 1482192491158568977 finish
	1043/1574 items:
		[√] id 1482192491158568976 finish
	1044/1574 items:
		[√] id 1482192491158568975 finish
106/158 page running ...
	1045/1574 items:
		[√] id 1482192491158568974 finish
	1046/1574 items:
		[√] id 1482192491158568973 finish
	1047/1574 items:
		[√] id 1482192491158568972 finish
	1048/1574 items:
		[√] id 1482192491158568971 finish
	1049/1574 items:
		[√] id 1482192491158568970 finish
	1050/1574 items:
		[√] id 1482192491158568969 finish
	1051/1574 items:
		[√] id 1482192491158568968 finish
	1052/1574 items:
		[√] id 1482192491158568967 finish
	1053/1574 items:
		[√] id 1482192491158568966 finish
	1054/1574 items:
		[√] id 1482192491158568965 finish
107/158 page running ...
	1055/1574 items:
		[√] id 1482192491158568964 finish
	1056/1574 items:
		[√] id 1482192491158568963 finish
	1057/1574 items:
		[√] id 1482192491158568962 finish
	1058/1574 items:
		[√] id 1482192491158568961 finish
	1059/1574 items:
		[√] id 1482192491158568960 finish
	1060/1574 items:
		[√] id 1482192491154374670 finish
	1061/1574 items:
		[√] id 1482192491154374669 finish
	1062/1574 items:
		[√] id 1482192491154374668 finish
	1063/1574 items:
		[√] id 1482192491154374667 finish
	1064/1574 items:
		[√] id 1482192491154374666 finish
108/158 page running ...
	1065/1574 items:
		[√] id 1482192491154374665 finish
	1066/1574 items:
		[√] id 1482192491154374664 finish
	1067/1574 items:
		[√] id 1482192491154374663 finish
	1068/1574 items:
		[√] id 1482192491154374662 finish
	1069/1574 items:
		[√] id 1482192491154374661 finish
	1070/1574 items:
		[√] id 1482192491154374660 finish
	1071/1574 items:
		[√] id 1482192491154374659 finish
	1072/1574 items:
		[√] id 1482192491154374658 finish
	1073/1574 items:
		[√] id 1482192491154374657 finish
	1074/1574 items:
		[√] id 1482192491154374656 finish
109/158 page running ...
	1075/1574 items:
		[√] id 1482192311994679300 finish
	1076/1574 items:
		[√] id 1482192311994679299 finish
	1077/1574 items:
		[√] id 1482192311994679298 finish
	1078/1574 items:
		[√] id 1482192311994679297 finish
	1079/1574 items:
		[√] id 1482192311994679296 finish
	1080/1574 items:
		[√] id 1482192311990485005 finish
	1081/1574 items:
		[√] id 1482192311990485004 finish
	1082/1574 items:
		[√] id 1482192311990485003 finish
	1083/1574 items:
		[√] id 1482192311990485002 finish
	1084/1574 items:
		[√] id 1482192311990485001 finish
110/158 page running ...
	1085/1574 items:
		[√] id 1482192311990485000 finish
	1086/1574 items:
		[√] id 1482192311990484999 finish
	1087/1574 items:
		[√] id 1482192311990484998 finish
	1088/1574 items:
		[√] id 1482192311990484997 finish
	1089/1574 items:
		[√] id 1482192311990484996 finish
	1090/1574 items:
		[√] id 1482192311990484995 finish
	1091/1574 items:
		[√] id 1482192311990484994 finish
	1092/1574 items:
		[√] id 1482192311990484993 finish
	1093/1574 items:
		[√] id 1482192311990484992 finish
	1094/1574 items:
		[√] id 1482192311986290688 finish
111/158 page running ...
	1095/1574 items:
		[√] id 1482192126048600072 finish
	1096/1574 items:
		[√] id 1482192126048600071 finish
	1097/1574 items:
		[√] id 1482192126048600070 finish
	1098/1574 items:
		[√] id 1482192126048600069 finish
	1099/1574 items:
		[√] id 1482192126048600068 finish
	1100/1574 items:
		[√] id 1482192126048600067 finish
	1101/1574 items:
		[√] id 1482192126048600066 finish
	1102/1574 items:
		[√] id 1482192126048600065 finish
	1103/1574 items:
		[√] id 1482192126048600064 finish
	1104/1574 items:
		[√] id 1482192126044405773 finish
112/158 page running ...
	1105/1574 items:
		[√] id 1482192126044405772 finish
	1106/1574 items:
		[√] id 1482192126044405771 finish
	1107/1574 items:
		[√] id 1482192126044405770 finish
	1108/1574 items:
		[√] id 1482192126044405769 finish
	1109/1574 items:
		[√] id 1482192126044405768 finish
	1110/1574 items:
		[√] id 1482192126044405767 finish
	1111/1574 items:
		[√] id 1482192126044405766 finish
	1112/1574 items:
		[√] id 1482192126044405765 finish
	1113/1574 items:
		[√] id 1482192126044405764 finish
	1114/1574 items:
		[√] id 1482192126044405763 finish
113/158 page running ...
	1115/1574 items:
		[√] id 1482192126044405762 finish
	1116/1574 items:
		[√] id 1482192126044405761 finish
	1117/1574 items:
		[√] id 1482192126044405760 finish
	1118/1574 items:
		[√] id 1482192126040211469 finish
	1119/1574 items:
		[√] id 1482192126040211468 finish
	1120/1574 items:
		[√] id 1482192126040211467 finish
	1121/1574 items:
		[√] id 1482192126040211466 finish
	1122/1574 items:
		[√] id 1482192126040211465 finish
	1123/1574 items:
		[√] id 1482192126040211464 finish
	1124/1574 items:
		[√] id 1482192126040211463 finish
114/158 page running ...
	1125/1574 items:
		[√] id 1482192126040211462 finish
	1126/1574 items:
		[√] id 1482192126040211461 finish
	1127/1574 items:
		[√] id 1482192126040211460 finish
	1128/1574 items:
		[√] id 1482192126040211459 finish
	1129/1574 items:
		[√] id 1482192126040211458 finish
	1130/1574 items:
		[√] id 1482192126040211457 finish
	1131/1574 items:
		[√] id 1482192126040211456 finish
	1132/1574 items:
		[√] id 1482192126036017159 finish
	1133/1574 items:
		[√] id 1482192126036017158 finish
	1134/1574 items:
		[√] id 1482192126036017157 finish
115/158 page running ...
	1135/1574 items:
		[√] id 1482192126036017156 finish
	1136/1574 items:
		[√] id 1482192126036017155 finish
	1137/1574 items:
		[√] id 1482192126036017154 finish
	1138/1574 items:
		[√] id 1482192126036017153 finish
	1139/1574 items:
		[√] id 1482192126036017152 finish
	1140/1574 items:
		[√] id 1482192126015045644 finish
	1141/1574 items:
		[√] id 1482192126015045643 finish
	1142/1574 items:
		[√] id 1482192126015045642 finish
	1143/1574 items:
		[√] id 1482192126015045641 finish
	1144/1574 items:
		[√] id 1482192126015045640 finish
116/158 page running ...
	1145/1574 items:
		[√] id 1482192126015045639 finish
	1146/1574 items:
		[√] id 1482192126015045638 finish
	1147/1574 items:
		[√] id 1482192126015045637 finish
	1148/1574 items:
		[√] id 1482192126015045636 finish
	1149/1574 items:
		[√] id 1482192126015045635 finish
	1150/1574 items:
		[√] id 1482192126015045634 finish
	1151/1574 items:
		[√] id 1482192126015045633 finish
	1152/1574 items:
		[√] id 1482192126015045632 finish
	1153/1574 items:
		[√] id 1482192126010851335 finish
	1154/1574 items:
		[√] id 1482192126010851334 finish
117/158 page running ...
	1155/1574 items:
		[√] id 1482192126010851333 finish
	1156/1574 items:
		[√] id 1482192126010851332 finish
	1157/1574 items:
		[√] id 1482192126010851331 finish
	1158/1574 items:
		[√] id 1482192126010851330 finish
	1159/1574 items:
		[√] id 1482192126010851329 finish
	1160/1574 items:
		[√] id 1482192126010851328 finish
	1161/1574 items:
		[√] id 1482192055265525761 finish
	1162/1574 items:
		[√] id 1482192055265525760 finish
	1163/1574 items:
		[√] id 1482192055261331467 finish
	1164/1574 items:
		[√] id 1482192055261331466 finish
118/158 page running ...
	1165/1574 items:
		[√] id 1482192055261331465 finish
	1166/1574 items:
		[√] id 1482192055261331464 finish
	1167/1574 items:
		[√] id 1482192055261331463 finish
	1168/1574 items:
		[√] id 1482192055261331462 finish
	1169/1574 items:
		[√] id 1482192055261331461 finish
	1170/1574 items:
		[√] id 1482192055261331460 finish
	1171/1574 items:
		[√] id 1482192055261331459 finish
	1172/1574 items:
		[√] id 1482192055261331458 finish
	1173/1574 items:
		[√] id 1482192055261331457 finish
	1174/1574 items:
		[√] id 1482192055261331456 finish
119/158 page running ...
	1175/1574 items:
		[√] id 1482192055257137168 finish
	1176/1574 items:
		[√] id 1482192055257137167 finish
	1177/1574 items:
		[√] id 1482192055257137166 finish
	1178/1574 items:
		[√] id 1482192055257137165 finish
	1179/1574 items:
		[√] id 1482192055257137164 finish
	1180/1574 items:
		[√] id 1482192055257137163 finish
	1181/1574 items:
		[√] id 1482192055257137162 finish
	1182/1574 items:
		[√] id 1482192055257137161 finish
	1183/1574 items:
		[√] id 1482192055257137160 finish
	1184/1574 items:
		[√] id 1482192055257137159 finish
120/158 page running ...
	1185/1574 items:
		[√] id 1482192055257137158 finish
	1186/1574 items:
		[√] id 1482192055257137157 finish
	1187/1574 items:
		[√] id 1482192055257137156 finish
	1188/1574 items:
		[√] id 1482192055257137155 finish
	1189/1574 items:
		[√] id 1482192055257137154 finish
	1190/1574 items:
		[√] id 1482192055257137153 finish
	1191/1574 items:
		[√] id 1482192055257137152 finish
	1192/1574 items:
		[√] id 1482192055252942856 finish
	1193/1574 items:
		[√] id 1482192055252942855 finish
	1194/1574 items:
		[√] id 1482192055252942854 finish
121/158 page running ...
	1195/1574 items:
		[√] id 1482192055252942853 finish
	1196/1574 items:
		[√] id 1482192055252942852 finish
	1197/1574 items:
		[√] id 1482192055252942851 finish
	1198/1574 items:
		[√] id 1482192055252942850 finish
	1199/1574 items:
		[√] id 1482192055252942849 finish
	1200/1574 items:
		[√] id 1482192055252942848 finish
	1201/1574 items:
		[√] id 1482191940312236049 finish
	1202/1574 items:
		[√] id 1482191940312236048 finish
	1203/1574 items:
		[√] id 1482191940312236047 finish
	1204/1574 items:
		[√] id 1482191940312236046 finish
122/158 page running ...
	1205/1574 items:
		[√] id 1482191940312236045 finish
	1206/1574 items:
		[√] id 1482191940312236044 finish
	1207/1574 items:
		[√] id 1482191940312236043 finish
	1208/1574 items:
		[√] id 1482191940312236042 finish
	1209/1574 items:
		[√] id 1482191940312236041 finish
	1210/1574 items:
		[√] id 1482191940312236040 finish
	1211/1574 items:
		[√] id 1482191940312236039 finish
	1212/1574 items:
		[√] id 1482191940312236038 finish
	1213/1574 items:
		[√] id 1482191940312236037 finish
	1214/1574 items:
		[√] id 1482191940312236036 finish
123/158 page running ...
	1215/1574 items:
		[√] id 1482191940312236035 finish
	1216/1574 items:
		[√] id 1482191940312236034 finish
	1217/1574 items:
		[√] id 1482191940312236033 finish
	1218/1574 items:
		[√] id 1482191940312236032 finish
	1219/1574 items:
		[√] id 1482191940308041737 finish
	1220/1574 items:
		[√] id 1482191940308041736 finish
	1221/1574 items:
		[√] id 1482191940308041735 finish
	1222/1574 items:
		[√] id 1482191940308041734 finish
	1223/1574 items:
		[√] id 1482191940308041733 finish
	1224/1574 items:
		[√] id 1482191940308041732 finish
124/158 page running ...
	1225/1574 items:
		[√] id 1482191940308041731 finish
	1226/1574 items:
		[√] id 1482191940308041730 finish
	1227/1574 items:
		[√] id 1482191940308041729 finish
	1228/1574 items:
		[√] id 1482191940308041728 finish
	1229/1574 items:
		[√] id 1482191860389773326 finish
	1230/1574 items:
		[√] id 1482191860389773325 finish
	1231/1574 items:
		[√] id 1482191860389773324 finish
	1232/1574 items:
		[√] id 1482191860389773323 finish
	1233/1574 items:
		[√] id 1482191860389773322 finish
	1234/1574 items:
		[√] id 1482191860389773321 finish
125/158 page running ...
	1235/1574 items:
		[√] id 1482191860389773320 finish
	1236/1574 items:
		[√] id 1482191860389773319 finish
	1237/1574 items:
		[√] id 1482191860389773318 finish
	1238/1574 items:
		[√] id 1482191860389773317 finish
	1239/1574 items:
		[√] id 1482191860389773316 finish
	1240/1574 items:
		[√] id 1482191860389773315 finish
	1241/1574 items:
		[√] id 1482191860389773314 finish
	1242/1574 items:
		[√] id 1482191860389773313 finish
	1243/1574 items:
		[√] id 1482191860389773312 finish
	1244/1574 items:
		[√] id 1482191860385579013 finish
126/158 page running ...
	1245/1574 items:
		[√] id 1482191860385579012 finish
	1246/1574 items:
		[√] id 1482191860385579011 finish
	1247/1574 items:
		[√] id 1482191860385579010 finish
	1248/1574 items:
		[√] id 1482191860385579009 finish
	1249/1574 items:
		[√] id 1482191860385579008 finish
	1250/1574 items:
		[√] id 1482191731540754441 finish
	1251/1574 items:
		[√] id 1482191731540754440 finish
	1252/1574 items:
		[√] id 1482191731540754439 finish
	1253/1574 items:
		[√] id 1482191731540754438 finish
	1254/1574 items:
		[√] id 1482191731540754437 finish
127/158 page running ...
	1255/1574 items:
		[√] id 1482191731540754436 finish
	1256/1574 items:
		[√] id 1482191731540754435 finish
	1257/1574 items:
		[√] id 1482191731540754434 finish
	1258/1574 items:
		[√] id 1482191731540754433 finish
	1259/1574 items:
		[√] id 1482191731540754432 finish
	1260/1574 items:
		[√] id 1482191731536560134 finish
	1261/1574 items:
		[√] id 1482191731536560133 finish
	1262/1574 items:
		[√] id 1482191731536560132 finish
	1263/1574 items:
		[√] id 1482191731536560131 finish
	1264/1574 items:
		[√] id 1482191731536560130 finish
128/158 page running ...
	1265/1574 items:
		[√] id 1482191731536560129 finish
	1266/1574 items:
		[√] id 1482191731536560128 finish
	1267/1574 items:
		[√] id 1482188020965834758 finish
	1268/1574 items:
		[√] id 1482188020965834757 finish
	1269/1574 items:
		[√] id 1482188020965834756 finish
	1270/1574 items:
		[√] id 1482188020965834755 finish
	1271/1574 items:
		[√] id 1482188020965834754 finish
	1272/1574 items:
		[√] id 1482188020965834753 finish
	1273/1574 items:
		[√] id 1482188020965834752 finish
	1274/1574 items:
		[√] id 1482188020961640465 finish
129/158 page running ...
	1275/1574 items:
		[√] id 1482188020961640464 finish
	1276/1574 items:
		[√] id 1482188020961640463 finish
	1277/1574 items:
		[√] id 1482188020961640462 finish
	1278/1574 items:
		[√] id 1482188020961640461 finish
	1279/1574 items:
		[√] id 1482188020961640460 finish
	1280/1574 items:
		[√] id 1482188020961640459 finish
	1281/1574 items:
		[√] id 1482188020961640458 finish
	1282/1574 items:
		[√] id 1482188020961640457 finish
	1283/1574 items:
		[√] id 1482188020961640456 finish
	1284/1574 items:
		[√] id 1482188020961640455 finish
130/158 page running ...
	1285/1574 items:
		[√] id 1482188020961640454 finish
	1286/1574 items:
		[√] id 1482188020961640453 finish
	1287/1574 items:
		[√] id 1482188020961640452 finish
	1288/1574 items:
		[√] id 1482188020961640451 finish
	1289/1574 items:
		[√] id 1482188020961640450 finish
	1290/1574 items:
		[√] id 1482188020961640449 finish
	1291/1574 items:
		[√] id 1482188020961640448 finish
	1292/1574 items:
		[√] id 1482188020957446148 finish
	1293/1574 items:
		[√] id 1482188020957446147 finish
	1294/1574 items:
		[√] id 1482188020957446146 finish
131/158 page running ...
	1295/1574 items:
		[√] id 1482188020957446145 finish
	1296/1574 items:
		[√] id 1482188020957446144 finish
	1297/1574 items:
		[√] id 1482185488755458060 finish
	1298/1574 items:
		[√] id 1482185488755458059 finish
	1299/1574 items:
		[√] id 1482185488755458058 finish
	1300/1574 items:
		[√] id 1482185488755458057 finish
	1301/1574 items:
		[√] id 1482185488755458056 finish
	1302/1574 items:
		[√] id 1482185488755458055 finish
	1303/1574 items:
		[√] id 1482185488755458054 finish
	1304/1574 items:
		[√] id 1482185488755458053 finish
132/158 page running ...
	1305/1574 items:
		[√] id 1482185488755458052 finish
	1306/1574 items:
		[√] id 1482185488755458051 finish
	1307/1574 items:
		[√] id 1482185488755458050 finish
	1308/1574 items:
		[√] id 1482185488755458049 finish
	1309/1574 items:
		[√] id 1482185488755458048 finish
	1310/1574 items:
		[√] id 1482185488751263759 finish
	1311/1574 items:
		[√] id 1482185488751263758 finish
	1312/1574 items:
		[√] id 1482185488751263757 finish
	1313/1574 items:
		[√] id 1482185488751263756 finish
	1314/1574 items:
		[√] id 1482185488751263755 finish
133/158 page running ...
	1315/1574 items:
		[√] id 1482185488751263754 finish
	1316/1574 items:
		[√] id 1482185488751263753 finish
	1317/1574 items:
		[√] id 1482185488751263752 finish
	1318/1574 items:
		[√] id 1482185488751263751 finish
	1319/1574 items:
		[√] id 1482185488751263750 finish
	1320/1574 items:
		[√] id 1482185488751263749 finish
	1321/1574 items:
		[√] id 1482185488751263748 finish
	1322/1574 items:
		[√] id 1482185488751263747 finish
	1323/1574 items:
		[√] id 1482185488751263746 finish
	1324/1574 items:
		[√] id 1482185488751263745 finish
134/158 page running ...
	1325/1574 items:
		[√] id 1482185488751263744 finish
	1326/1574 items:
		[√] id 1482185488747069440 finish
	1327/1574 items:
		[√] id 1482185263353561099 finish
	1328/1574 items:
		[√] id 1482185263353561098 finish
	1329/1574 items:
		[√] id 1482185263353561097 finish
	1330/1574 items:
		[√] id 1482185263353561096 finish
	1331/1574 items:
		[√] id 1482185263353561095 finish
	1332/1574 items:
		[√] id 1482185263353561094 finish
	1333/1574 items:
		[√] id 1482185263353561093 finish
	1334/1574 items:
		[√] id 1482185263353561092 finish
135/158 page running ...
	1335/1574 items:
		[√] id 1482185263353561091 finish
	1336/1574 items:
		[√] id 1482185263353561090 finish
	1337/1574 items:
		[√] id 1482185263353561089 finish
	1338/1574 items:
		[√] id 1482185263353561088 finish
	1339/1574 items:
		[√] id 1482185263349366791 finish
	1340/1574 items:
		[√] id 1482185263349366790 finish
	1341/1574 items:
		[√] id 1482185263349366789 finish
	1342/1574 items:
		[√] id 1482185263349366788 finish
	1343/1574 items:
		[√] id 1482185263349366787 finish
	1344/1574 items:
		[√] id 1482185263349366786 finish
136/158 page running ...
	1345/1574 items:
		[√] id 1482185263349366785 finish
	1346/1574 items:
		[√] id 1482185263349366784 finish
	1347/1574 items:
		[√] id 1482185135683141643 finish
	1348/1574 items:
		[√] id 1482185135683141642 finish
	1349/1574 items:
		[√] id 1482185135683141641 finish
	1350/1574 items:
		[√] id 1482185135683141640 finish
	1351/1574 items:
		[√] id 1482185135683141639 finish
	1352/1574 items:
		[√] id 1482185135683141638 finish
	1353/1574 items:
		[√] id 1482185135683141637 finish
	1354/1574 items:
		[√] id 1482185135683141636 finish
137/158 page running ...
	1355/1574 items:
		[√] id 1482185135683141635 finish
	1356/1574 items:
		[√] id 1482185135683141634 finish
	1357/1574 items:
		[√] id 1482185135683141633 finish
	1358/1574 items:
		[√] id 1482185135683141632 finish
	1359/1574 items:
		[√] id 1482185135678947333 finish
	1360/1574 items:
		[√] id 1482185135678947332 finish
	1361/1574 items:
		[√] id 1482185135678947331 finish
	1362/1574 items:
		[√] id 1482185135678947330 finish
	1363/1574 items:
		[√] id 1482185135678947329 finish
	1364/1574 items:
		[√] id 1482185135678947328 finish
138/158 page running ...
	1365/1574 items:
		[√] id 1482185135674753034 finish
	1366/1574 items:
		[√] id 1482185135674753033 finish
	1367/1574 items:
		[√] id 1482185135674753032 finish
	1368/1574 items:
		[√] id 1482185135674753031 finish
	1369/1574 items:
		[√] id 1482185135674753030 finish
	1370/1574 items:
		[√] id 1482185135674753029 finish
	1371/1574 items:
		[√] id 1482185135674753028 finish
	1372/1574 items:
		[√] id 1482185135674753027 finish
	1373/1574 items:
		[√] id 1482185135674753026 finish
	1374/1574 items:
		[√] id 1482185135674753025 finish
139/158 page running ...
	1375/1574 items:
		[√] id 1482185135674753024 finish
	1376/1574 items:
		[√] id 1482185135670558727 finish
	1377/1574 items:
		[√] id 1482185135670558726 finish
	1378/1574 items:
		[√] id 1482185135670558725 finish
	1379/1574 items:
		[√] id 1482185135670558724 finish
	1380/1574 items:
		[√] id 1482185135670558723 finish
	1381/1574 items:
		[√] id 1482185135670558722 finish
	1382/1574 items:
		[√] id 1482185135670558721 finish
	1383/1574 items:
		[√] id 1482185135670558720 finish
	1384/1574 items:
		[√] id 1482185135666364424 finish
140/158 page running ...
	1385/1574 items:
		[√] id 1482185135666364423 finish
	1386/1574 items:
		[√] id 1482185135666364422 finish
	1387/1574 items:
		[√] id 1482185135666364421 finish
	1388/1574 items:
		[√] id 1482185135666364420 finish
	1389/1574 items:
		[√] id 1482185135666364419 finish
	1390/1574 items:
		[√] id 1482185135666364418 finish
	1391/1574 items:
		[√] id 1482185135666364417 finish
	1392/1574 items:
		[√] id 1482185135666364416 finish
	1393/1574 items:
		[√] id 1482185135662170112 finish
	1394/1574 items:
		[√] id 1482185072458203136 finish
141/158 page running ...
	1395/1574 items:
		[√] id 1482185072454008845 finish
	1396/1574 items:
		[√] id 1482185072454008844 finish
	1397/1574 items:
		[√] id 1482185072454008843 finish
	1398/1574 items:
		[√] id 1482185072454008842 finish
	1399/1574 items:
		[√] id 1482185072454008841 finish
	1400/1574 items:
		[√] id 1482185072454008840 finish
	1401/1574 items:
		[√] id 1482185072454008839 finish
	1402/1574 items:
		[√] id 1482185072454008838 finish
	1403/1574 items:
		[√] id 1482185072454008837 finish
	1404/1574 items:
		[√] id 1482185072454008836 finish
142/158 page running ...
	1405/1574 items:
		[√] id 1482185072454008835 finish
	1406/1574 items:
		[√] id 1482185072454008834 finish
	1407/1574 items:
		[√] id 1482185072454008833 finish
	1408/1574 items:
		[√] id 1482185072454008832 finish
	1409/1574 items:
		[√] id 1482185072449814531 finish
	1410/1574 items:
		[√] id 1482185072449814530 finish
	1411/1574 items:
		[√] id 1482185072449814529 finish
	1412/1574 items:
		[√] id 1482185072449814528 finish
	1413/1574 items:
		[√] id 1482185001910009857 finish
	1414/1574 items:
		[√] id 1482185001910009856 finish
143/158 page running ...
	1415/1574 items:
		[√] id 1482185001905815557 finish
	1416/1574 items:
		[√] id 1482185001905815556 finish
	1417/1574 items:
		[√] id 1482185001905815555 finish
	1418/1574 items:
		[√] id 1482185001905815554 finish
	1419/1574 items:
		[√] id 1482185001905815553 finish
	1420/1574 items:
		[√] id 1482185001905815552 finish
	1421/1574 items:
		[√] id 1482185001901621256 finish
	1422/1574 items:
		[√] id 1482185001901621255 finish
	1423/1574 items:
		[√] id 1482185001901621254 finish
	1424/1574 items:
		[√] id 1482185001901621253 finish
144/158 page running ...
	1425/1574 items:
		[√] id 1482185001901621252 finish
	1426/1574 items:
		[√] id 1482185001901621251 finish
	1427/1574 items:
		[√] id 1482185001901621250 finish
	1428/1574 items:
		[√] id 1482185001901621249 finish
	1429/1574 items:
		[√] id 1482185001901621248 finish
	1430/1574 items:
		[√] id 1482185001897426945 finish
	1431/1574 items:
		[√] id 1482185001897426944 finish
	1432/1574 items:
		[√] id 1482184690805899264 finish
	1433/1574 items:
		[√] id 1482184690801704960 finish
	1434/1574 items:
		[√] id 1482184690797510664 finish
145/158 page running ...
	1435/1574 items:
		[√] id 1482184690797510663 finish
	1436/1574 items:
		[√] id 1482184690797510662 finish
	1437/1574 items:
		[√] id 1482184690797510661 finish
	1438/1574 items:
		[√] id 1482184690797510660 finish
	1439/1574 items:
		[√] id 1482184690797510659 finish
	1440/1574 items:
		[√] id 1482184690797510658 finish
	1441/1574 items:
		[√] id 1482184690797510657 finish
	1442/1574 items:
		[√] id 1482184690797510656 finish
	1443/1574 items:
		[√] id 1482184690793316355 finish
	1444/1574 items:
		[√] id 1482184690793316354 finish
146/158 page running ...
	1445/1574 items:
		[√] id 1482184690793316353 finish
	1446/1574 items:
		[√] id 1482184690793316352 finish
	1447/1574 items:
		[√] id 1482184521620258823 finish
	1448/1574 items:
		[√] id 1482184521620258822 finish
	1449/1574 items:
		[√] id 1482184521620258821 finish
	1450/1574 items:
		[√] id 1482184521620258820 finish
	1451/1574 items:
		[√] id 1482184521620258819 finish
	1452/1574 items:
		[√] id 1482184521620258818 finish
	1453/1574 items:
		[√] id 1482184521620258817 finish
	1454/1574 items:
		[√] id 1482184521620258816 finish
147/158 page running ...
	1455/1574 items:
		[√] id 1482184364296110086 finish
	1456/1574 items:
		[√] id 1482184364296110085 finish
	1457/1574 items:
		[√] id 1482184364296110084 finish
	1458/1574 items:
		[√] id 1482184364296110083 finish
	1459/1574 items:
		[√] id 1482184364296110082 finish
	1460/1574 items:
		[√] id 1482184364296110081 finish
	1461/1574 items:
		[√] id 1482184364296110080 finish
	1462/1574 items:
		[√] id 1482183919452422144 finish
	1463/1574 items:
		[√] id 1482183919448227840 finish
	1464/1574 items:
		[√] id 1482183448507580422 finish
148/158 page running ...
	1465/1574 items:
		[√] id 1482183448507580421 finish
	1466/1574 items:
		[√] id 1482183448507580420 finish
	1467/1574 items:
		[√] id 1482183448507580419 finish
	1468/1574 items:
		[√] id 1482183448507580418 finish
	1469/1574 items:
		[√] id 1482183448507580417 finish
	1470/1574 items:
		[√] id 1482183448507580416 finish
	1471/1574 items:
		[√] id 1482183448503386112 finish
	1472/1574 items:
		[√] id 1482183390655545346 finish
	1473/1574 items:
		[√] id 1482183390655545345 finish
	1474/1574 items:
		[√] id 1482183390655545344 finish
149/158 page running ...
	1475/1574 items:
		[√] id 1482183390651351040 finish
	1476/1574 items:
		[√] id 1482183292638855168 finish
	1477/1574 items:
		[√] id 1482183292634660864 finish
	1478/1574 items:
		[√] id 1482183022466957313 finish
	1479/1574 items:
		[√] id 1482183022466957312 finish
	1480/1574 items:
		[√] id 1482182989118046208 finish
	1481/1574 items:
		[√] id 1482182924186025984 finish
	1482/1574 items:
		[√] id 1482182871522344960 finish
	1483/1574 items:
		[√] id 1482182819429089280 finish
	1484/1574 items:
		[√] id 1482182764089442304 finish
150/158 page running ...
	1485/1574 items:
		[√] id 1482182692786274304 finish
	1486/1574 items:
		[√] id 1482178434078736384 finish
	1487/1574 items:
		[√] id 1482176795087339520 finish
	1488/1574 items:
		[√] id 1481878415844966400 finish
	1489/1574 items:
		[√] id 1481166378064019456 finish
	1490/1574 items:
		[√] id 1479027851352211456 finish
	1491/1574 items:
		[√] id 1479026368565084160 finish
	1492/1574 items:
		[√] id 1479024040038498304 finish
	1493/1574 items:
		[√] id 1479021937257742336 finish
	1494/1574 items:
		[√] id 1479020791432609792 finish
151/158 page running ...
	1495/1574 items:
		[√] id 1478266323174817792 finish
	1496/1574 items:
		[√] id 1478266256707682304 finish
	1497/1574 items:
		[√] id 1478266070350561280 finish
	1498/1574 items:
		[√] id 1478265482669850624 finish
	1499/1574 items:
		[√] id 1476407487392514048 finish
	1500/1574 items:
		[√] id 1476398924876087296 finish
	1501/1574 items:
		[√] id 1470637175514202112 finish
	1502/1574 items:
		[√] id 1470637483283841024 finish
	1503/1574 items:
		[√] id 1470637811567820800 finish
	1504/1574 items:
		[√] id 1470933264645619712 finish
152/158 page running ...
	1505/1574 items:
		[√] id 1473561990596263936 finish
	1506/1574 items:
		[√] id 1473562073186304000 finish
	1507/1574 items:
		[√] id 1473562161304436736 finish
	1508/1574 items:
		[√] id 1467758677749530624 finish
	1509/1574 items:
		[√] id 1473843718837633024 finish
	1510/1574 items:
		[√] id 1466294662284312576 finish
	1511/1574 items:
		[√] id 1466295233930199040 finish
	1512/1574 items:
		[√] id 1466303123046924288 finish
	1513/1574 items:
		[√] id 1466303717568544768 finish
	1514/1574 items:
		[√] id 1466304423818035200 finish
153/158 page running ...
	1515/1574 items:
		[√] id 1466305532775235584 finish
	1516/1574 items:
		[√] id 1472840476490072064 finish
	1517/1574 items:
		[√] id 1471754691439362048 finish
	1518/1574 items:
		[√] id 1471754183173603328 finish
	1519/1574 items:
		[√] id 1471752599282778112 finish
	1520/1574 items:
		[√] id 1471753427573932032 finish
	1521/1574 items:
		[√] id 1461589090033074176 finish
	1522/1574 items:
		[√] id 1461589362696388608 finish
	1523/1574 items:
		[√] id 1470218980345118720 finish
	1524/1574 items:
		[√] id 1468518592176848896 finish
154/158 page running ...
	1525/1574 items:
		[√] id 1468518931512819712 finish
	1526/1574 items:
		[√] id 1466286732872908800 finish
	1527/1574 items:
		[√] id 1466287880098938880 finish
	1528/1574 items:
		[√] id 1465938789343035392 finish
	1529/1574 items:
		[√] id 1462695954653249536 finish
	1530/1574 items:
		[√] id 1462710211658776576 finish
	1531/1574 items:
		[√] id 1462698431867912192 finish
	1532/1574 items:
		[√] id 1461590578927108096 finish
	1533/1574 items:
		[√] id 1461591923750993920 finish
	1534/1574 items:
		[√] id 1461593160642854912 finish
155/158 page running ...
	1535/1574 items:
		[√] id 1461595991152132096 finish
	1536/1574 items:
		[√] id 1463067678737563648 finish
	1537/1574 items:
		[√] id 1463066895702949888 finish
	1538/1574 items:
		[√] id 1463068649546973184 finish
	1539/1574 items:
		[√] id 1463069925668159488 finish
	1540/1574 items:
		[√] id 1463081025323270144 finish
	1541/1574 items:
		[√] id 1463329741330317312 finish
	1542/1574 items:
		[√] id 1463336911425896448 finish
	1543/1574 items:
		[√] id 1463338880194445312 finish
	1544/1574 items:
		[√] id 1463339842803990528 finish
156/158 page running ...
	1545/1574 items:
		[√] id 1463340903266648064 finish
	1546/1574 items:
		[√] id 1463349279409176576 finish
	1547/1574 items:
		[√] id 1463351770829946880 finish
	1548/1574 items:
		[√] id 1463388714267967488 finish
	1549/1574 items:
		[√] id 1463389619075809280 finish
	1550/1574 items:
		[√] id 1463390268098215936 finish
	1551/1574 items:
		[√] id 1463390931247038464 finish
	1552/1574 items:
		[√] id 1463392058596261888 finish
	1553/1574 items:
		[√] id 1463393956128751616 finish
	1554/1574 items:
		[√] id 1463394881744535552 finish
157/158 page running ...
	1555/1574 items:
		[√] id 1463396807886372864 finish
	1556/1574 items:
		[√] id 1462672316990357504 finish
	1557/1574 items:
		[√] id 1461621784037163008 finish
	1558/1574 items:
		[√] id 1461584951286824960 finish
	1559/1574 items:
		[√] id 1461585230782660608 finish
	1560/1574 items:
		[√] id 1468123520167968768 finish
	1561/1574 items:
		[√] id 1467757644289802240 finish
	1562/1574 items:
		[√] id 1461587935500566528 finish
	1563/1574 items:
		[√] id 1463027273123889152 finish
	1564/1574 items:
		[√] id 1463031842339946496 finish
158/158 page running ...
	1565/1574 items:
		[√] id 1374181407047421952 finish
	1566/1574 items:
		[√] id 1374177417123467264 finish
	1567/1574 items:
		[√] id 1374177686322286592 finish
	1568/1574 items:
		[√] id 1374197032360742912 finish
